<?xml version="1.0" encoding="UTF-8"?>
<!DOCTYPE html PUBLIC "-//W3C//DTD XHTML 1.0 Strict//EN" "http://www.w3.org/TR/xhtml1/DTD/xhtml1-strict.dtd">
<html xmlns="http://www.w3.org/1999/xhtml">
<head>
    <title>enteliWEB Access Activity Sanity Test</title>
    <meta name="generator" content="HTMLTestRunner 0.8.2"/>
    <meta http-equiv="Content-Type" content="text/html; charset=UTF-8"/>
    
<style type="text/css" media="screen">
body        { font-family: verdana, arial, helvetica, sans-serif; font-size: 80%; }
table       { font-size: 100%; }
pre         { }

/* -- heading ---------------------------------------------------------------------- */
h1 {
	font-size: 16pt;
	color: gray;
}
.heading {
    margin-top: 0ex;
    margin-bottom: 1ex;
}

.heading .attribute {
    margin-top: 1ex;
    margin-bottom: 0;
}

.heading .description {
    margin-top: 4ex;
    margin-bottom: 6ex;
}

/* -- css div popup ------------------------------------------------------------------------ */
a.popup_link {
}

a.popup_link:hover {
    color: red;
}

.popup_window {
    display: none;
    position: relative;
    left: 0px;
    top: 0px;
    /*border: solid #627173 1px; */
    padding: 10px;
    background-color: #E6E6D6;
    font-family: "Lucida Console", "Courier New", Courier, monospace;
    text-align: left;
    font-size: 8pt;
    width: 500px;
}

.result_detail {
    width: 500px;
    overflow: auto;
}
/* -- report ------------------------------------------------------------------------ */
#show_detail_line {
    margin-top: 3ex;
    margin-bottom: 1ex;
}
#result_table {
    width: 80%;
    border-collapse: collapse;
    border: 1px solid #777;
}
#header_row {
    font-weight: bold;
    color: white;
    background-color: #777;
}
#result_table td {
    border: 1px solid #777;
    padding: 2px;
}
#total_row  { font-weight: bold; }
.passClass  { background-color: #6c6; }
.failClass  { background-color: #c60; }
.errorClass { background-color: #c00; }
.passCase   { color: #6c6; }
.failCase   { color: #c60; font-weight: bold; }
.errorCase  { color: #c00; font-weight: bold; }
.hiddenRow  { display: none; }
.testcase   { margin-left: 2em; }


/* -- ending ---------------------------------------------------------------------- */
#ending {
}

</style>

</head>
<body>
<script language="javascript" type="text/javascript"><!--
output_list = Array();

/* level - 0:Summary; 1:Failed; 2:All */
function showCase(level) {
    trs = document.getElementsByTagName("tr");
    for (var i = 0; i < trs.length; i++) {
        tr = trs[i];
        id = tr.id;
        if (id.substr(0,2) == 'ft') {
            if (level < 1) {
                tr.className = 'hiddenRow';
            }
            else {
                tr.className = '';
            }
        }
        if (id.substr(0,2) == 'pt') {
            if (level > 1) {
                tr.className = '';
            }
            else {
                tr.className = 'hiddenRow';
            }
        }
    }
}


function showClassDetail(cid, count) {
    var id_list = Array(count);
    var toHide = 1;
    for (var i = 0; i < count; i++) {
        tid0 = 't' + cid.substr(1) + '.' + (i+1);
        tid = 'f' + tid0;
        tr = document.getElementById(tid);
        if (!tr) {
            tid = 'p' + tid0;
            tr = document.getElementById(tid);
        }
        id_list[i] = tid;
        if (tr.className) {
            toHide = 0;
        }
    }
    for (var i = 0; i < count; i++) {
        tid = id_list[i];
        if (toHide) {
            document.getElementById('div_'+tid).style.display = 'none'
            document.getElementById(tid).className = 'hiddenRow';
        }
        else {
            document.getElementById(tid).className = '';
        }
    }
}


function showTestDetail(div_id){
    var details_div = document.getElementById(div_id)
    var displayState = details_div.style.display
    // alert(displayState)
    if (displayState != 'block' ) {
        displayState = 'block'
        details_div.style.display = 'block'
    }
    else {
        details_div.style.display = 'none'
    }
}


function html_escape(s) {
    s = s.replace(/&/g,'&amp;');
    s = s.replace(/</g,'&lt;');
    s = s.replace(/>/g,'&gt;');
    return s;
}

/* obsoleted by detail in <div>
function showOutput(id, name) {
    var w = window.open("", //url
                    name,
                    "resizable,scrollbars,status,width=800,height=450");
    d = w.document;
    d.write("<pre>");
    d.write(html_escape(output_list[id]));
    d.write("\n");
    d.write("<a href='javascript:window.close()'>close</a>\n");
    d.write("</pre>\n");
    d.close();
}
*/
--></script>

<div class='heading'>
<h1>enteliWEB Access Activity Sanity Test</h1>
<p class='attribute'><strong>Start Time:</strong> 2017-08-04 09:22:01</p>
<p class='attribute'><strong>Duration:</strong> 07:58:43.006</p>
<p class='attribute'><strong>Status:</strong> Pass 38 Failure 1 Error 25</p>

<p class='description'>Test against eweb4.6.83 on Windows 2012 Server (host: delsry3860.network.com).</p>
</div>



<p id='show_detail_line'>Show
<a href='javascript:showCase(0)'>Summary</a>
<a href='javascript:showCase(1)'>Failed</a>
<a href='javascript:showCase(2)'>All</a>
</p>
<table id='result_table'>
<colgroup>
<col align='left' />
<col align='right' />
<col align='right' />
<col align='right' />
<col align='right' />
<col align='right' />
<col align='right' />
</colgroup>
<tr id='header_row'>
    <td>Test Group/Test case</td>
    <td>Time</td>
    <td>Count</td>
    <td>Pass</td>
    <td>Fail</td>
    <td>Error</td>
    <td>View</td>
</tr>

<tr class='passClass'>
    <td>tests.Access_Activity_Report.DB_Test.DB_Test.TestCase</td>
    <td>00:00:09.427</td>
    <td>2</td>
    <td>2</td>
    <td>0</td>
    <td>0</td>
    <td><a href="javascript:showClassDetail('c1',2)">Detail</a></td>
</tr>

<tr id='pt1.1' class='hiddenRow'>
    <td class='none'><div class='testcase'>test02_1: Verify one-to-one mapping between event and access_event table</div></td>
    <td>00:00:01.887</td>
    <td colspan='5' align='center'>pass</td>
</tr>

<tr id='pt1.2' class='hiddenRow'>
    <td class='none'><div class='testcase'>test03: Verify content in access_event table</div></td>
    <td>00:00:07.540</td>
    <td colspan='5' align='center'>pass</td>
</tr>

<tr class='errorClass'>
    <td>tests.Access_Activity_Report.Sanity_Test.Card_Access_Activity.Card_Access_Activity_Report.TestCase</td>
    <td>00:13:17.037</td>
    <td>5</td>
    <td>3</td>
    <td>1</td>
    <td>1</td>
    <td><a href="javascript:showClassDetail('c2',5)">Detail</a></td>
</tr>

<tr id='pt2.1' class='hiddenRow'>
    <td class='none'><div class='testcase'>testMain_1: Verify report data returned for filter: date and time range</div></td>
    <td>00:01:39.507</td>
    <td colspan='5' align='center'>

    <!--css div popup start-->
    <a class="popup_link" onfocus='this.blur();' href="javascript:showTestDetail('div_pt2.1')" >
        pass</a>

    <div id='div_pt2.1' class="popup_window">
        <div style='text-align: right; color:red;cursor:pointer'>
        <a onfocus='this.blur();' onclick="document.getElementById('div_pt2.1').style.display = 'none' " >
           [x]</a>
        </div>
        <div class="result_detail"><pre>
        
pt2.1: debug: switch back to default
debug: switch back to default
debug: switch back to default
XTree._getTreeNode(): tree node 'Access Control\Card Access Activity\Card Access Activity 1 - 1' was not found.
XTree._getTreeNode(): tree node 'Access Control\Card Access Activity\Card Access Activity 1 - 1' was not found.
debug: switch back to default
debug: switch to frame mainFrame
debug: switch back to default
debug: switch to frame mainFrame


        </pre></div>
    </div>
    <!--css div popup end-->

    </td>
</tr>

<tr id='ft2.2' class='none'>
    <td class='failCase'><div class='testcase'>testMain_2: Verify report data returned for filter: specific event types</div></td>
    <td>00:07:26.060</td>
    <td colspan='5' align='center'>

    <!--css div popup start-->
    <a class="popup_link" onfocus='this.blur();' href="javascript:showTestDetail('div_ft2.2')" >
        fail</a>

    <div id='div_ft2.2' class="popup_window">
        <div style='text-align: right; color:red;cursor:pointer'>
        <a onfocus='this.blur();' onclick="document.getElementById('div_ft2.2').style.display = 'none' " >
           [x]</a>
        </div>
        <div class="result_detail"><pre>
        
ft2.2: debug: switch back to default
debug: switch back to default
debug: switch back to default
XTree._getTreeNode(): tree node 'Access Control\Card Access Activity\Card Access Activity 2 - 2' was not found.
XTree._getTreeNode(): tree node 'Access Control\Card Access Activity\Card Access Activity 2 - 2' was not found.
debug: switch back to default
debug: switch to frame mainFrame
debug: switch back to default
debug: switch to frame mainFrame
Traceback (most recent call last):
  File "C:\Python27\lib\site-packages\ddt.py", line 139, in wrapper
    return func(self, *args, **kwargs)
  File "U:\PyAutoTestSuite\enteliweb\tests\Access_Activity_Report\Sanity_Test\Card_Access_Activity\Card_Access_Activity_Report.py", line 186, in testMain
    self.assertItemsEqual(self.resultFromReport, self.resultFromHelper, "verify the accuracy of returned events failed")
AssertionError: Element counts were not equal:
First has 0, Second has 1:  {'Timestamp': '2017/08/04 09:25 AM', 'Event Type': u'Unrecognized Card', 'Door': u'Delta_RM_2305', 'Card Number': u'9999999', 'Card User': u'Unknown Card User'} : verify the accuracy of returned events failed


        </pre></div>
    </div>
    <!--css div popup end-->

    </td>
</tr>

<tr id='pt2.3' class='hiddenRow'>
    <td class='none'><div class='testcase'>testMain_3: Verify report data returned for filter: specific card users</div></td>
    <td>00:01:34.972</td>
    <td colspan='5' align='center'>

    <!--css div popup start-->
    <a class="popup_link" onfocus='this.blur();' href="javascript:showTestDetail('div_pt2.3')" >
        pass</a>

    <div id='div_pt2.3' class="popup_window">
        <div style='text-align: right; color:red;cursor:pointer'>
        <a onfocus='this.blur();' onclick="document.getElementById('div_pt2.3').style.display = 'none' " >
           [x]</a>
        </div>
        <div class="result_detail"><pre>
        
pt2.3: debug: switch back to default
debug: switch back to default
debug: switch back to default
XTree._getTreeNode(): tree node 'Access Control\Card Access Activity\Card Access Activity 3 - 2' was not found.
XTree._getTreeNode(): tree node 'Access Control\Card Access Activity\Card Access Activity 3 - 2' was not found.
debug: switch back to default
debug: switch to frame mainFrame
debug: switch back to default
debug: switch to frame mainFrame


        </pre></div>
    </div>
    <!--css div popup end-->

    </td>
</tr>

<tr id='pt2.4' class='hiddenRow'>
    <td class='none'><div class='testcase'>testMain_4: Verify report data returned for filter: specific card users and event types</div></td>
    <td>00:01:38.233</td>
    <td colspan='5' align='center'>

    <!--css div popup start-->
    <a class="popup_link" onfocus='this.blur();' href="javascript:showTestDetail('div_pt2.4')" >
        pass</a>

    <div id='div_pt2.4' class="popup_window">
        <div style='text-align: right; color:red;cursor:pointer'>
        <a onfocus='this.blur();' onclick="document.getElementById('div_pt2.4').style.display = 'none' " >
           [x]</a>
        </div>
        <div class="result_detail"><pre>
        
pt2.4: debug: switch back to default
debug: switch back to default
debug: switch back to default
XTree._getTreeNode(): tree node 'Access Control\Card Access Activity\Card Access Activity 4 - 1' was not found.
XTree._getTreeNode(): tree node 'Access Control\Card Access Activity\Card Access Activity 4 - 1' was not found.
debug: switch back to default
debug: switch to frame mainFrame
debug: switch back to default
debug: switch to frame mainFrame


        </pre></div>
    </div>
    <!--css div popup end-->

    </td>
</tr>

<tr id='ft2.5' class='none'>
    <td class='errorCase'><div class='testcase'>testMain_5: Verify report data returned for filter: specific doors</div></td>
    <td>00:00:58.265</td>
    <td colspan='5' align='center'>

    <!--css div popup start-->
    <a class="popup_link" onfocus='this.blur();' href="javascript:showTestDetail('div_ft2.5')" >
        error</a>

    <div id='div_ft2.5' class="popup_window">
        <div style='text-align: right; color:red;cursor:pointer'>
        <a onfocus='this.blur();' onclick="document.getElementById('div_ft2.5').style.display = 'none' " >
           [x]</a>
        </div>
        <div class="result_detail"><pre>
        
ft2.5: debug: switch back to default
debug: switch back to default
debug: switch back to default
XTree._getTreeNode(): tree node 'Access Control\Card Access Activity\Card Access Activity 5 - 2' was not found.
XTree._getTreeNode(): tree node 'Access Control\Card Access Activity\Card Access Activity 5 - 2' was not found.
XTree._getTreeNode(): tree node 'Access Control\Card Access Activity\Card Access Activity 5 - 2' was not found.
debug: switch back to default
debug: switch to frame mainFrame
Traceback (most recent call last):
  File "C:\Python27\lib\site-packages\ddt.py", line 139, in wrapper
    return func(self, *args, **kwargs)
  File "U:\PyAutoTestSuite\enteliweb\tests\Access_Activity_Report\Sanity_Test\Card_Access_Activity\Card_Access_Activity_Report.py", line 122, in testMain
    self._setupReportInstance()
  File "U:\PyAutoTestSuite\enteliweb\tests\Access_Activity_Report\Sanity_Test\Card_Access_Activity\Card_Access_Activity_Report.py", line 215, in _setupReportInstance
    self.testingReport.setupDoors(doors)
  File "U:\PyAutoTestSuite\enteliweb\libraries\eweb\PageObjects\Access_Activity_Reports\Access_Activity_Generic.py", line 387, in setupDoors
    self.findDoorsWindow.selectObject(item)
  File "U:\PyAutoTestSuite\enteliweb\libraries\eweb\PageObjects\Access_Activity_Reports\Access_Activity_Generic.py", line 230, in selectObject
    raise Exception("'%s' was not found in the current page of the grid"%target)
Exception: '[u'Golf Caf\xe9', u'DC40113']' was not found in the current page of the grid


        </pre></div>
    </div>
    <!--css div popup end-->

    </td>
</tr>

<tr class='passClass'>
    <td>tests.Access_Activity_Report.Sanity_Test.Card_Access_Activity_by_Card_User.Card_Access_Activity_by_Card_User_Report.TestCase</td>
    <td>00:41:28.427</td>
    <td>1</td>
    <td>1</td>
    <td>0</td>
    <td>0</td>
    <td><a href="javascript:showClassDetail('c3',1)">Detail</a></td>
</tr>

<tr id='pt3.1' class='hiddenRow'>
    <td class='none'><div class='testcase'>testMain_1: Verify report data returned for filter: Card Access Activity by Card User 2 - 2</div></td>
    <td>00:41:28.427</td>
    <td colspan='5' align='center'>

    <!--css div popup start-->
    <a class="popup_link" onfocus='this.blur();' href="javascript:showTestDetail('div_pt3.1')" >
        pass</a>

    <div id='div_pt3.1' class="popup_window">
        <div style='text-align: right; color:red;cursor:pointer'>
        <a onfocus='this.blur();' onclick="document.getElementById('div_pt3.1').style.display = 'none' " >
           [x]</a>
        </div>
        <div class="result_detail"><pre>
        
pt3.1: debug: switch back to default
debug: switch back to default
debug: switch back to default
debug: switch back to default
debug: switch to frame mainFrame
debug: switch back to default
debug: switch to frame mainFrame


        </pre></div>
    </div>
    <!--css div popup end-->

    </td>
</tr>

<tr class='errorClass'>
    <td>tests.Access_Activity_Report.Sanity_Test.Card_User_Activity_by_Door.Card_User_Activity_by_Door_Report.TestCase</td>
    <td>01:39:33.499</td>
    <td>2</td>
    <td>0</td>
    <td>0</td>
    <td>2</td>
    <td><a href="javascript:showClassDetail('c4',2)">Detail</a></td>
</tr>

<tr id='ft4.1' class='none'>
    <td class='errorCase'><div class='testcase'>testMain_1: Verify report data returned for filter: Card User Activity by Door 2 - 2</div></td>
    <td>01:39:33.461</td>
    <td colspan='5' align='center'>

    <!--css div popup start-->
    <a class="popup_link" onfocus='this.blur();' href="javascript:showTestDetail('div_ft4.1')" >
        error</a>

    <div id='div_ft4.1' class="popup_window">
        <div style='text-align: right; color:red;cursor:pointer'>
        <a onfocus='this.blur();' onclick="document.getElementById('div_ft4.1').style.display = 'none' " >
           [x]</a>
        </div>
        <div class="result_detail"><pre>
        
ft4.1: debug: switch back to default
debug: switch back to default
debug: switch back to default
debug: switch back to default
debug: switch to frame mainFrame
debug: switch back to default
debug: switch to frame mainFrame
Traceback (most recent call last):
  File "C:\Python27\lib\site-packages\ddt.py", line 139, in wrapper
    return func(self, *args, **kwargs)
  File "U:\PyAutoTestSuite\enteliweb\tests\Access_Activity_Report\Sanity_Test\Card_User_Activity_by_Door\Card_User_Activity_by_Door_Report.py", line 145, in testMain
    self.resultFromReport = self.testingReport.generatedReportGetData()
  File "U:\PyAutoTestSuite\enteliweb\libraries\eweb\PageObjects\Access_Activity_Reports\Access_Activity_Generic.py", line 535, in generatedReportGetData
    driver.switch_to_default_content()
  File "C:\Python27\lib\site-packages\selenium\webdriver\remote\webdriver.py", line 580, in switch_to_default_content
    self._switch_to.default_content()
  File "C:\Python27\lib\site-packages\selenium\webdriver\remote\switch_to.py", line 60, in default_content
    self._driver.execute(Command.SWITCH_TO_FRAME, {'id': None})
  File "C:\Python27\lib\site-packages\selenium\webdriver\remote\webdriver.py", line 236, in execute
    self.error_handler.check_response(response)
  File "C:\Python27\lib\site-packages\selenium\webdriver\remote\errorhandler.py", line 192, in check_response
    raise exception_class(message, screen, stacktrace)
WebDriverException: Message: Tried to run command without establishing a connection



        </pre></div>
    </div>
    <!--css div popup end-->

    </td>
</tr>

<tr id='ft4.2' class='none'>
    <td class='errorCase'><div class='testcase'>testMain_1: Verify report data returned for filter: Card User Activity by Door 2 - 2</div></td>
    <td>00:00:00.038</td>
    <td colspan='5' align='center'>

    <!--css div popup start-->
    <a class="popup_link" onfocus='this.blur();' href="javascript:showTestDetail('div_ft4.2')" >
        error</a>

    <div id='div_ft4.2' class="popup_window">
        <div style='text-align: right; color:red;cursor:pointer'>
        <a onfocus='this.blur();' onclick="document.getElementById('div_ft4.2').style.display = 'none' " >
           [x]</a>
        </div>
        <div class="result_detail"><pre>
        
ft4.2: debug: switch back to default
debug: switch back to default
debug: switch back to default
debug: switch back to default
debug: switch to frame mainFrame
debug: switch back to default
debug: switch to frame mainFrame
Traceback (most recent call last):
  File "U:\PyAutoTestSuite\enteliweb\tests\Access_Activity_Report\Sanity_Test\Card_User_Activity_by_Door\Card_User_Activity_by_Door_Report.py", line 104, in tearDown
    Macros.CloseEnteliWEB()
  File "U:\PyAutoTestSuite\enteliweb\libraries\eweb\Macros\__init__.py", line 46, in CloseEnteliWEB
    selenium_server_connection.stop()
  File "U:\PyAutoTestSuite\enteliweb\libraries\eweb\PageObjects\seleniumwrapper.py", line 42, in stop
    self.connection.quit()
  File "C:\Python27\lib\site-packages\selenium\webdriver\firefox\webdriver.py", line 174, in quit
    RemoteWebDriver.quit(self)
  File "C:\Python27\lib\site-packages\selenium\webdriver\remote\webdriver.py", line 520, in quit
    self.execute(Command.QUIT)
  File "C:\Python27\lib\site-packages\selenium\webdriver\remote\webdriver.py", line 236, in execute
    self.error_handler.check_response(response)
  File "C:\Python27\lib\site-packages\selenium\webdriver\remote\errorhandler.py", line 192, in check_response
    raise exception_class(message, screen, stacktrace)
WebDriverException: Message: Tried to run command without establishing a connection



        </pre></div>
    </div>
    <!--css div popup end-->

    </td>
</tr>

<tr class='passClass'>
    <td>tests.Access_Activity_Report.Sanity_Test.Door_Activity.Door_Activity_Report.TestCase</td>
    <td>00:11:53.357</td>
    <td>1</td>
    <td>1</td>
    <td>0</td>
    <td>0</td>
    <td><a href="javascript:showClassDetail('c5',1)">Detail</a></td>
</tr>

<tr id='pt5.1' class='hiddenRow'>
    <td class='none'><div class='testcase'>testMain_1: Verify report data returned for filter: Door Activity 2 - 2</div></td>
    <td>00:11:53.357</td>
    <td colspan='5' align='center'>

    <!--css div popup start-->
    <a class="popup_link" onfocus='this.blur();' href="javascript:showTestDetail('div_pt5.1')" >
        pass</a>

    <div id='div_pt5.1' class="popup_window">
        <div style='text-align: right; color:red;cursor:pointer'>
        <a onfocus='this.blur();' onclick="document.getElementById('div_pt5.1').style.display = 'none' " >
           [x]</a>
        </div>
        <div class="result_detail"><pre>
        
pt5.1: debug: switch back to default
debug: switch back to default
debug: switch back to default
debug: switch back to default
debug: switch to frame mainFrame
debug: switch back to default
debug: switch to frame mainFrame


        </pre></div>
    </div>
    <!--css div popup end-->

    </td>
</tr>

<tr class='passClass'>
    <td>tests.Access_Activity_Report.Sanity_Test.Transactions_by_Event_Type.Transactions_by_Event_Type_Report.TestCase</td>
    <td>00:02:50.376</td>
    <td>1</td>
    <td>1</td>
    <td>0</td>
    <td>0</td>
    <td><a href="javascript:showClassDetail('c6',1)">Detail</a></td>
</tr>

<tr id='pt6.1' class='hiddenRow'>
    <td class='none'><div class='testcase'>testMain_1: Verify report data returned for filter: Transactions by Event Type 2 - 2</div></td>
    <td>00:02:50.376</td>
    <td colspan='5' align='center'>

    <!--css div popup start-->
    <a class="popup_link" onfocus='this.blur();' href="javascript:showTestDetail('div_pt6.1')" >
        pass</a>

    <div id='div_pt6.1' class="popup_window">
        <div style='text-align: right; color:red;cursor:pointer'>
        <a onfocus='this.blur();' onclick="document.getElementById('div_pt6.1').style.display = 'none' " >
           [x]</a>
        </div>
        <div class="result_detail"><pre>
        
pt6.1: debug: switch back to default
debug: switch back to default
debug: switch back to default
debug: switch back to default
debug: switch to frame mainFrame
debug: switch back to default
debug: switch to frame mainFrame


        </pre></div>
    </div>
    <!--css div popup end-->

    </td>
</tr>

<tr class='passClass'>
    <td>tests.Access_Activity_Report.Sanity_Test.Card_Access_Activity.EWEB_22010.TestCase</td>
    <td>00:18:19.743</td>
    <td>10</td>
    <td>10</td>
    <td>0</td>
    <td>0</td>
    <td><a href="javascript:showClassDetail('c7',10)">Detail</a></td>
</tr>

<tr id='pt7.1' class='hiddenRow'>
    <td class='none'><div class='testcase'>testMain_10_y_MM_dd_HH_mm: Verify Timestamp sorting in format 'y-MM-dd HH:mm'</div></td>
    <td>00:01:22.835</td>
    <td colspan='5' align='center'>

    <!--css div popup start-->
    <a class="popup_link" onfocus='this.blur();' href="javascript:showTestDetail('div_pt7.1')" >
        pass</a>

    <div id='div_pt7.1' class="popup_window">
        <div style='text-align: right; color:red;cursor:pointer'>
        <a onfocus='this.blur();' onclick="document.getElementById('div_pt7.1').style.display = 'none' " >
           [x]</a>
        </div>
        <div class="result_detail"><pre>
        
pt7.1: Verify Timestamp sorting in format 'y-MM-dd HH:mm'
debug: switch back to default
debug: switch to frame mainFrame
debug: switch to frame mainFrame


        </pre></div>
    </div>
    <!--css div popup end-->

    </td>
</tr>

<tr id='pt7.2' class='hiddenRow'>
    <td class='none'><div class='testcase'>testMain_1_MMMM_d_y_HH_mm: Verify Timestamp sorting in format 'MMMM d,y HH:mm'</div></td>
    <td>00:01:47.452</td>
    <td colspan='5' align='center'>

    <!--css div popup start-->
    <a class="popup_link" onfocus='this.blur();' href="javascript:showTestDetail('div_pt7.2')" >
        pass</a>

    <div id='div_pt7.2' class="popup_window">
        <div style='text-align: right; color:red;cursor:pointer'>
        <a onfocus='this.blur();' onclick="document.getElementById('div_pt7.2').style.display = 'none' " >
           [x]</a>
        </div>
        <div class="result_detail"><pre>
        
pt7.2: Verify Timestamp sorting in format 'MMMM d,y HH:mm'
debug: switch back to default
debug: switch to frame mainFrame
debug: switch to frame mainFrame


        </pre></div>
    </div>
    <!--css div popup end-->

    </td>
</tr>

<tr id='pt7.3' class='hiddenRow'>
    <td class='none'><div class='testcase'>testMain_2_MMMM_d_y_hh_mm_a: Verify Timestamp sorting in format 'MMMM d,y hh:mm a'</div></td>
    <td>00:02:13.309</td>
    <td colspan='5' align='center'>

    <!--css div popup start-->
    <a class="popup_link" onfocus='this.blur();' href="javascript:showTestDetail('div_pt7.3')" >
        pass</a>

    <div id='div_pt7.3' class="popup_window">
        <div style='text-align: right; color:red;cursor:pointer'>
        <a onfocus='this.blur();' onclick="document.getElementById('div_pt7.3').style.display = 'none' " >
           [x]</a>
        </div>
        <div class="result_detail"><pre>
        
pt7.3: Verify Timestamp sorting in format 'MMMM d,y hh:mm a'
debug: switch back to default
debug: switch to frame mainFrame
debug: switch to frame mainFrame


        </pre></div>
    </div>
    <!--css div popup end-->

    </td>
</tr>

<tr id='pt7.4' class='hiddenRow'>
    <td class='none'><div class='testcase'>testMain_3_MM_d_y_HH_mm: Verify Timestamp sorting in format 'MM d,y HH:mm'</div></td>
    <td>00:02:41.107</td>
    <td colspan='5' align='center'>

    <!--css div popup start-->
    <a class="popup_link" onfocus='this.blur();' href="javascript:showTestDetail('div_pt7.4')" >
        pass</a>

    <div id='div_pt7.4' class="popup_window">
        <div style='text-align: right; color:red;cursor:pointer'>
        <a onfocus='this.blur();' onclick="document.getElementById('div_pt7.4').style.display = 'none' " >
           [x]</a>
        </div>
        <div class="result_detail"><pre>
        
pt7.4: Verify Timestamp sorting in format 'MM d,y HH:mm'
debug: switch back to default
debug: switch to frame mainFrame
debug: switch to frame mainFrame


        </pre></div>
    </div>
    <!--css div popup end-->

    </td>
</tr>

<tr id='pt7.5' class='hiddenRow'>
    <td class='none'><div class='testcase'>testMain_4_MM_d_y_hh_mm_a: Verify Timestamp sorting in format 'MM d,y hh:mm a'</div></td>
    <td>00:01:28.247</td>
    <td colspan='5' align='center'>

    <!--css div popup start-->
    <a class="popup_link" onfocus='this.blur();' href="javascript:showTestDetail('div_pt7.5')" >
        pass</a>

    <div id='div_pt7.5' class="popup_window">
        <div style='text-align: right; color:red;cursor:pointer'>
        <a onfocus='this.blur();' onclick="document.getElementById('div_pt7.5').style.display = 'none' " >
           [x]</a>
        </div>
        <div class="result_detail"><pre>
        
pt7.5: Verify Timestamp sorting in format 'MM d,y hh:mm a'
debug: switch back to default
debug: switch to frame mainFrame
debug: switch to frame mainFrame


        </pre></div>
    </div>
    <!--css div popup end-->

    </td>
</tr>

<tr id='pt7.6' class='hiddenRow'>
    <td class='none'><div class='testcase'>testMain_5_y_MM_dd_HH_mm: Verify Timestamp sorting in format 'y/MM/dd HH:mm'</div></td>
    <td>00:01:24.431</td>
    <td colspan='5' align='center'>

    <!--css div popup start-->
    <a class="popup_link" onfocus='this.blur();' href="javascript:showTestDetail('div_pt7.6')" >
        pass</a>

    <div id='div_pt7.6' class="popup_window">
        <div style='text-align: right; color:red;cursor:pointer'>
        <a onfocus='this.blur();' onclick="document.getElementById('div_pt7.6').style.display = 'none' " >
           [x]</a>
        </div>
        <div class="result_detail"><pre>
        
pt7.6: Verify Timestamp sorting in format 'y/MM/dd HH:mm'
debug: switch back to default
debug: switch to frame mainFrame
debug: switch to frame mainFrame


        </pre></div>
    </div>
    <!--css div popup end-->

    </td>
</tr>

<tr id='pt7.7' class='hiddenRow'>
    <td class='none'><div class='testcase'>testMain_6_y_MM_dd_hh_mm_a: Verify Timestamp sorting in format 'y/MM/dd hh:mm a'</div></td>
    <td>00:01:45.593</td>
    <td colspan='5' align='center'>

    <!--css div popup start-->
    <a class="popup_link" onfocus='this.blur();' href="javascript:showTestDetail('div_pt7.7')" >
        pass</a>

    <div id='div_pt7.7' class="popup_window">
        <div style='text-align: right; color:red;cursor:pointer'>
        <a onfocus='this.blur();' onclick="document.getElementById('div_pt7.7').style.display = 'none' " >
           [x]</a>
        </div>
        <div class="result_detail"><pre>
        
pt7.7: Verify Timestamp sorting in format 'y/MM/dd hh:mm a'
debug: switch back to default
debug: switch to frame mainFrame
debug: switch to frame mainFrame


        </pre></div>
    </div>
    <!--css div popup end-->

    </td>
</tr>

<tr id='pt7.8' class='hiddenRow'>
    <td class='none'><div class='testcase'>testMain_7_dd_MMMM_y_HH_mm: Verify Timestamp sorting in format 'dd MMMM y HH:mm'</div></td>
    <td>00:01:50.577</td>
    <td colspan='5' align='center'>

    <!--css div popup start-->
    <a class="popup_link" onfocus='this.blur();' href="javascript:showTestDetail('div_pt7.8')" >
        pass</a>

    <div id='div_pt7.8' class="popup_window">
        <div style='text-align: right; color:red;cursor:pointer'>
        <a onfocus='this.blur();' onclick="document.getElementById('div_pt7.8').style.display = 'none' " >
           [x]</a>
        </div>
        <div class="result_detail"><pre>
        
pt7.8: Verify Timestamp sorting in format 'dd MMMM y HH:mm'
debug: switch back to default
debug: switch to frame mainFrame
debug: switch to frame mainFrame


        </pre></div>
    </div>
    <!--css div popup end-->

    </td>
</tr>

<tr id='pt7.9' class='hiddenRow'>
    <td class='none'><div class='testcase'>testMain_8_dd_MM_y_HH_mm: Verify Timestamp sorting in format 'dd MM y HH:mm'</div></td>
    <td>00:01:54.273</td>
    <td colspan='5' align='center'>

    <!--css div popup start-->
    <a class="popup_link" onfocus='this.blur();' href="javascript:showTestDetail('div_pt7.9')" >
        pass</a>

    <div id='div_pt7.9' class="popup_window">
        <div style='text-align: right; color:red;cursor:pointer'>
        <a onfocus='this.blur();' onclick="document.getElementById('div_pt7.9').style.display = 'none' " >
           [x]</a>
        </div>
        <div class="result_detail"><pre>
        
pt7.9: Verify Timestamp sorting in format 'dd MM y HH:mm'
debug: switch back to default
debug: switch to frame mainFrame
debug: switch to frame mainFrame


        </pre></div>
    </div>
    <!--css div popup end-->

    </td>
</tr>

<tr id='pt7.10' class='hiddenRow'>
    <td class='none'><div class='testcase'>testMain_9_dd_MM_y_HH_mm: Verify Timestamp sorting in format 'dd.MM.y HH:mm'</div></td>
    <td>00:01:51.919</td>
    <td colspan='5' align='center'>

    <!--css div popup start-->
    <a class="popup_link" onfocus='this.blur();' href="javascript:showTestDetail('div_pt7.10')" >
        pass</a>

    <div id='div_pt7.10' class="popup_window">
        <div style='text-align: right; color:red;cursor:pointer'>
        <a onfocus='this.blur();' onclick="document.getElementById('div_pt7.10').style.display = 'none' " >
           [x]</a>
        </div>
        <div class="result_detail"><pre>
        
pt7.10: Verify Timestamp sorting in format 'dd.MM.y HH:mm'
debug: switch back to default
debug: switch to frame mainFrame
debug: switch to frame mainFrame


        </pre></div>
    </div>
    <!--css div popup end-->

    </td>
</tr>

<tr class='passClass'>
    <td>tests.Access_Activity_Report.Sanity_Test.Card_Access_Activity_by_Card_User.EWEB_22010.TestCase</td>
    <td>00:31:10.373</td>
    <td>10</td>
    <td>10</td>
    <td>0</td>
    <td>0</td>
    <td><a href="javascript:showClassDetail('c8',10)">Detail</a></td>
</tr>

<tr id='pt8.1' class='hiddenRow'>
    <td class='none'><div class='testcase'>testMain_10_y_MM_dd_HH_mm: Verify Timestamp sorting in format 'y-MM-dd HH:mm'</div></td>
    <td>00:02:08.753</td>
    <td colspan='5' align='center'>

    <!--css div popup start-->
    <a class="popup_link" onfocus='this.blur();' href="javascript:showTestDetail('div_pt8.1')" >
        pass</a>

    <div id='div_pt8.1' class="popup_window">
        <div style='text-align: right; color:red;cursor:pointer'>
        <a onfocus='this.blur();' onclick="document.getElementById('div_pt8.1').style.display = 'none' " >
           [x]</a>
        </div>
        <div class="result_detail"><pre>
        
pt8.1: Verify Timestamp sorting in format 'y-MM-dd HH:mm'
debug: switch back to default
debug: switch to frame mainFrame
debug: switch to frame mainFrame


        </pre></div>
    </div>
    <!--css div popup end-->

    </td>
</tr>

<tr id='pt8.2' class='hiddenRow'>
    <td class='none'><div class='testcase'>testMain_1_MMMM_d_y_HH_mm: Verify Timestamp sorting in format 'MMMM d,y HH:mm'</div></td>
    <td>00:03:18.223</td>
    <td colspan='5' align='center'>

    <!--css div popup start-->
    <a class="popup_link" onfocus='this.blur();' href="javascript:showTestDetail('div_pt8.2')" >
        pass</a>

    <div id='div_pt8.2' class="popup_window">
        <div style='text-align: right; color:red;cursor:pointer'>
        <a onfocus='this.blur();' onclick="document.getElementById('div_pt8.2').style.display = 'none' " >
           [x]</a>
        </div>
        <div class="result_detail"><pre>
        
pt8.2: Verify Timestamp sorting in format 'MMMM d,y HH:mm'
debug: switch back to default
debug: switch to frame mainFrame
debug: switch to frame mainFrame


        </pre></div>
    </div>
    <!--css div popup end-->

    </td>
</tr>

<tr id='pt8.3' class='hiddenRow'>
    <td class='none'><div class='testcase'>testMain_2_MMMM_d_y_hh_mm_a: Verify Timestamp sorting in format 'MMMM d,y hh:mm a'</div></td>
    <td>00:03:25.350</td>
    <td colspan='5' align='center'>

    <!--css div popup start-->
    <a class="popup_link" onfocus='this.blur();' href="javascript:showTestDetail('div_pt8.3')" >
        pass</a>

    <div id='div_pt8.3' class="popup_window">
        <div style='text-align: right; color:red;cursor:pointer'>
        <a onfocus='this.blur();' onclick="document.getElementById('div_pt8.3').style.display = 'none' " >
           [x]</a>
        </div>
        <div class="result_detail"><pre>
        
pt8.3: Verify Timestamp sorting in format 'MMMM d,y hh:mm a'
debug: switch back to default
debug: switch to frame mainFrame
debug: switch to frame mainFrame


        </pre></div>
    </div>
    <!--css div popup end-->

    </td>
</tr>

<tr id='pt8.4' class='hiddenRow'>
    <td class='none'><div class='testcase'>testMain_3_MM_d_y_HH_mm: Verify Timestamp sorting in format 'MM d,y HH:mm'</div></td>
    <td>00:02:13.906</td>
    <td colspan='5' align='center'>

    <!--css div popup start-->
    <a class="popup_link" onfocus='this.blur();' href="javascript:showTestDetail('div_pt8.4')" >
        pass</a>

    <div id='div_pt8.4' class="popup_window">
        <div style='text-align: right; color:red;cursor:pointer'>
        <a onfocus='this.blur();' onclick="document.getElementById('div_pt8.4').style.display = 'none' " >
           [x]</a>
        </div>
        <div class="result_detail"><pre>
        
pt8.4: Verify Timestamp sorting in format 'MM d,y HH:mm'
debug: switch back to default
debug: switch to frame mainFrame
debug: switch to frame mainFrame


        </pre></div>
    </div>
    <!--css div popup end-->

    </td>
</tr>

<tr id='pt8.5' class='hiddenRow'>
    <td class='none'><div class='testcase'>testMain_4_MM_d_y_hh_mm_a: Verify Timestamp sorting in format 'MM d,y hh:mm a'</div></td>
    <td>00:03:29.409</td>
    <td colspan='5' align='center'>

    <!--css div popup start-->
    <a class="popup_link" onfocus='this.blur();' href="javascript:showTestDetail('div_pt8.5')" >
        pass</a>

    <div id='div_pt8.5' class="popup_window">
        <div style='text-align: right; color:red;cursor:pointer'>
        <a onfocus='this.blur();' onclick="document.getElementById('div_pt8.5').style.display = 'none' " >
           [x]</a>
        </div>
        <div class="result_detail"><pre>
        
pt8.5: Verify Timestamp sorting in format 'MM d,y hh:mm a'
debug: switch back to default
debug: switch to frame mainFrame
debug: switch to frame mainFrame


        </pre></div>
    </div>
    <!--css div popup end-->

    </td>
</tr>

<tr id='pt8.6' class='hiddenRow'>
    <td class='none'><div class='testcase'>testMain_5_y_MM_dd_HH_mm: Verify Timestamp sorting in format 'y/MM/dd HH:mm'</div></td>
    <td>00:03:34.077</td>
    <td colspan='5' align='center'>

    <!--css div popup start-->
    <a class="popup_link" onfocus='this.blur();' href="javascript:showTestDetail('div_pt8.6')" >
        pass</a>

    <div id='div_pt8.6' class="popup_window">
        <div style='text-align: right; color:red;cursor:pointer'>
        <a onfocus='this.blur();' onclick="document.getElementById('div_pt8.6').style.display = 'none' " >
           [x]</a>
        </div>
        <div class="result_detail"><pre>
        
pt8.6: Verify Timestamp sorting in format 'y/MM/dd HH:mm'
debug: switch back to default
debug: switch to frame mainFrame
debug: switch to frame mainFrame


        </pre></div>
    </div>
    <!--css div popup end-->

    </td>
</tr>

<tr id='pt8.7' class='hiddenRow'>
    <td class='none'><div class='testcase'>testMain_6_y_MM_dd_hh_mm_a: Verify Timestamp sorting in format 'y/MM/dd hh:mm a'</div></td>
    <td>00:03:30.528</td>
    <td colspan='5' align='center'>

    <!--css div popup start-->
    <a class="popup_link" onfocus='this.blur();' href="javascript:showTestDetail('div_pt8.7')" >
        pass</a>

    <div id='div_pt8.7' class="popup_window">
        <div style='text-align: right; color:red;cursor:pointer'>
        <a onfocus='this.blur();' onclick="document.getElementById('div_pt8.7').style.display = 'none' " >
           [x]</a>
        </div>
        <div class="result_detail"><pre>
        
pt8.7: Verify Timestamp sorting in format 'y/MM/dd hh:mm a'
debug: switch back to default
debug: switch to frame mainFrame
debug: switch to frame mainFrame


        </pre></div>
    </div>
    <!--css div popup end-->

    </td>
</tr>

<tr id='pt8.8' class='hiddenRow'>
    <td class='none'><div class='testcase'>testMain_7_dd_MMMM_y_HH_mm: Verify Timestamp sorting in format 'dd MMMM y HH:mm'</div></td>
    <td>00:02:19.725</td>
    <td colspan='5' align='center'>

    <!--css div popup start-->
    <a class="popup_link" onfocus='this.blur();' href="javascript:showTestDetail('div_pt8.8')" >
        pass</a>

    <div id='div_pt8.8' class="popup_window">
        <div style='text-align: right; color:red;cursor:pointer'>
        <a onfocus='this.blur();' onclick="document.getElementById('div_pt8.8').style.display = 'none' " >
           [x]</a>
        </div>
        <div class="result_detail"><pre>
        
pt8.8: Verify Timestamp sorting in format 'dd MMMM y HH:mm'
debug: switch back to default
debug: switch to frame mainFrame
debug: switch to frame mainFrame


        </pre></div>
    </div>
    <!--css div popup end-->

    </td>
</tr>

<tr id='pt8.9' class='hiddenRow'>
    <td class='none'><div class='testcase'>testMain_8_dd_MM_y_HH_mm: Verify Timestamp sorting in format 'dd MM y HH:mm'</div></td>
    <td>00:03:32.170</td>
    <td colspan='5' align='center'>

    <!--css div popup start-->
    <a class="popup_link" onfocus='this.blur();' href="javascript:showTestDetail('div_pt8.9')" >
        pass</a>

    <div id='div_pt8.9' class="popup_window">
        <div style='text-align: right; color:red;cursor:pointer'>
        <a onfocus='this.blur();' onclick="document.getElementById('div_pt8.9').style.display = 'none' " >
           [x]</a>
        </div>
        <div class="result_detail"><pre>
        
pt8.9: Verify Timestamp sorting in format 'dd MM y HH:mm'
debug: switch back to default
debug: switch to frame mainFrame
debug: switch to frame mainFrame


        </pre></div>
    </div>
    <!--css div popup end-->

    </td>
</tr>

<tr id='pt8.10' class='hiddenRow'>
    <td class='none'><div class='testcase'>testMain_9_dd_MM_y_HH_mm: Verify Timestamp sorting in format 'dd.MM.y HH:mm'</div></td>
    <td>00:03:38.232</td>
    <td colspan='5' align='center'>

    <!--css div popup start-->
    <a class="popup_link" onfocus='this.blur();' href="javascript:showTestDetail('div_pt8.10')" >
        pass</a>

    <div id='div_pt8.10' class="popup_window">
        <div style='text-align: right; color:red;cursor:pointer'>
        <a onfocus='this.blur();' onclick="document.getElementById('div_pt8.10').style.display = 'none' " >
           [x]</a>
        </div>
        <div class="result_detail"><pre>
        
pt8.10: Verify Timestamp sorting in format 'dd.MM.y HH:mm'
debug: switch back to default
debug: switch to frame mainFrame
debug: switch to frame mainFrame


        </pre></div>
    </div>
    <!--css div popup end-->

    </td>
</tr>

<tr class='errorClass'>
    <td>tests.Access_Activity_Report.Sanity_Test.Card_User_Activity_by_Door.EWEB_22010.TestCase</td>
    <td>01:44:48.121</td>
    <td>10</td>
    <td>0</td>
    <td>0</td>
    <td>10</td>
    <td><a href="javascript:showClassDetail('c9',10)">Detail</a></td>
</tr>

<tr id='ft9.1' class='none'>
    <td class='errorCase'><div class='testcase'>testMain_10_y_MM_dd_HH_mm: Verify Timestamp sorting in format 'y-MM-dd HH:mm'</div></td>
    <td>01:44:48.053</td>
    <td colspan='5' align='center'>

    <!--css div popup start-->
    <a class="popup_link" onfocus='this.blur();' href="javascript:showTestDetail('div_ft9.1')" >
        error</a>

    <div id='div_ft9.1' class="popup_window">
        <div style='text-align: right; color:red;cursor:pointer'>
        <a onfocus='this.blur();' onclick="document.getElementById('div_ft9.1').style.display = 'none' " >
           [x]</a>
        </div>
        <div class="result_detail"><pre>
        
ft9.1: Verify Timestamp sorting in format 'y-MM-dd HH:mm'
debug: switch back to default
debug: switch to frame mainFrame
debug: switch to frame mainFrame
Traceback (most recent call last):
  File "C:\Python27\lib\site-packages\ddt.py", line 139, in wrapper
    return func(self, *args, **kwargs)
  File "U:\PyAutoTestSuite\enteliweb\tests\Access_Activity_Report\Sanity_Test\Card_User_Activity_by_Door\EWEB_22010.py", line 124, in testMain
    self.resultFromReport = self.testingReport.generatedReportGetData()
  File "U:\PyAutoTestSuite\enteliweb\libraries\eweb\PageObjects\Access_Activity_Reports\Access_Activity_Generic.py", line 535, in generatedReportGetData
    driver.switch_to_default_content()
  File "C:\Python27\lib\site-packages\selenium\webdriver\remote\webdriver.py", line 580, in switch_to_default_content
    self._switch_to.default_content()
  File "C:\Python27\lib\site-packages\selenium\webdriver\remote\switch_to.py", line 60, in default_content
    self._driver.execute(Command.SWITCH_TO_FRAME, {'id': None})
  File "C:\Python27\lib\site-packages\selenium\webdriver\remote\webdriver.py", line 236, in execute
    self.error_handler.check_response(response)
  File "C:\Python27\lib\site-packages\selenium\webdriver\remote\errorhandler.py", line 192, in check_response
    raise exception_class(message, screen, stacktrace)
WebDriverException: Message: Tried to run command without establishing a connection



        </pre></div>
    </div>
    <!--css div popup end-->

    </td>
</tr>

<tr id='ft9.2' class='none'>
    <td class='errorCase'><div class='testcase'>testMain_1_MMMM_d_y_HH_mm: Verify Timestamp sorting in format 'MMMM d,y HH:mm'</div></td>
    <td>00:00:00.050</td>
    <td colspan='5' align='center'>

    <!--css div popup start-->
    <a class="popup_link" onfocus='this.blur();' href="javascript:showTestDetail('div_ft9.2')" >
        error</a>

    <div id='div_ft9.2' class="popup_window">
        <div style='text-align: right; color:red;cursor:pointer'>
        <a onfocus='this.blur();' onclick="document.getElementById('div_ft9.2').style.display = 'none' " >
           [x]</a>
        </div>
        <div class="result_detail"><pre>
        
ft9.2: Verify Timestamp sorting in format 'MMMM d,y HH:mm'
Traceback (most recent call last):
  File "C:\Python27\lib\site-packages\ddt.py", line 139, in wrapper
    return func(self, *args, **kwargs)
  File "U:\PyAutoTestSuite\enteliweb\tests\Access_Activity_Report\Sanity_Test\Card_User_Activity_by_Door\EWEB_22010.py", line 101, in testMain
    Macros.SelectReportInstance("Access Control\\Card User Activity by Door\\%s"%ReportParameter.reportName)
  File "U:\PyAutoTestSuite\enteliweb\libraries\eweb\Macros\__init__.py", line 118, in SelectReportInstance
    accordion = AccordionPageObj()
  File "U:\PyAutoTestSuite\enteliweb\libraries\eweb\PageObjects\Accordion.py", line 76, in __init__
    self.focus()
  File "U:\PyAutoTestSuite\enteliweb\libraries\eweb\PageObjects\BasePageObject.py", line 31, in focus
    self.driver.switch_to.default_content()
  File "C:\Python27\lib\site-packages\selenium\webdriver\remote\switch_to.py", line 60, in default_content
    self._driver.execute(Command.SWITCH_TO_FRAME, {'id': None})
  File "C:\Python27\lib\site-packages\selenium\webdriver\remote\webdriver.py", line 236, in execute
    self.error_handler.check_response(response)
  File "C:\Python27\lib\site-packages\selenium\webdriver\remote\errorhandler.py", line 192, in check_response
    raise exception_class(message, screen, stacktrace)
WebDriverException: Message: Tried to run command without establishing a connection



        </pre></div>
    </div>
    <!--css div popup end-->

    </td>
</tr>

<tr id='ft9.3' class='none'>
    <td class='errorCase'><div class='testcase'>testMain_2_MMMM_d_y_hh_mm_a: Verify Timestamp sorting in format 'MMMM d,y hh:mm a'</div></td>
    <td>00:00:00.003</td>
    <td colspan='5' align='center'>

    <!--css div popup start-->
    <a class="popup_link" onfocus='this.blur();' href="javascript:showTestDetail('div_ft9.3')" >
        error</a>

    <div id='div_ft9.3' class="popup_window">
        <div style='text-align: right; color:red;cursor:pointer'>
        <a onfocus='this.blur();' onclick="document.getElementById('div_ft9.3').style.display = 'none' " >
           [x]</a>
        </div>
        <div class="result_detail"><pre>
        
ft9.3: Verify Timestamp sorting in format 'MMMM d,y hh:mm a'
Traceback (most recent call last):
  File "C:\Python27\lib\site-packages\ddt.py", line 139, in wrapper
    return func(self, *args, **kwargs)
  File "U:\PyAutoTestSuite\enteliweb\tests\Access_Activity_Report\Sanity_Test\Card_User_Activity_by_Door\EWEB_22010.py", line 101, in testMain
    Macros.SelectReportInstance("Access Control\\Card User Activity by Door\\%s"%ReportParameter.reportName)
  File "U:\PyAutoTestSuite\enteliweb\libraries\eweb\Macros\__init__.py", line 118, in SelectReportInstance
    accordion = AccordionPageObj()
  File "U:\PyAutoTestSuite\enteliweb\libraries\eweb\PageObjects\Accordion.py", line 76, in __init__
    self.focus()
  File "U:\PyAutoTestSuite\enteliweb\libraries\eweb\PageObjects\BasePageObject.py", line 31, in focus
    self.driver.switch_to.default_content()
  File "C:\Python27\lib\site-packages\selenium\webdriver\remote\switch_to.py", line 60, in default_content
    self._driver.execute(Command.SWITCH_TO_FRAME, {'id': None})
  File "C:\Python27\lib\site-packages\selenium\webdriver\remote\webdriver.py", line 236, in execute
    self.error_handler.check_response(response)
  File "C:\Python27\lib\site-packages\selenium\webdriver\remote\errorhandler.py", line 192, in check_response
    raise exception_class(message, screen, stacktrace)
WebDriverException: Message: Tried to run command without establishing a connection



        </pre></div>
    </div>
    <!--css div popup end-->

    </td>
</tr>

<tr id='ft9.4' class='none'>
    <td class='errorCase'><div class='testcase'>testMain_3_MM_d_y_HH_mm: Verify Timestamp sorting in format 'MM d,y HH:mm'</div></td>
    <td>00:00:00.002</td>
    <td colspan='5' align='center'>

    <!--css div popup start-->
    <a class="popup_link" onfocus='this.blur();' href="javascript:showTestDetail('div_ft9.4')" >
        error</a>

    <div id='div_ft9.4' class="popup_window">
        <div style='text-align: right; color:red;cursor:pointer'>
        <a onfocus='this.blur();' onclick="document.getElementById('div_ft9.4').style.display = 'none' " >
           [x]</a>
        </div>
        <div class="result_detail"><pre>
        
ft9.4: Verify Timestamp sorting in format 'MM d,y HH:mm'
Traceback (most recent call last):
  File "C:\Python27\lib\site-packages\ddt.py", line 139, in wrapper
    return func(self, *args, **kwargs)
  File "U:\PyAutoTestSuite\enteliweb\tests\Access_Activity_Report\Sanity_Test\Card_User_Activity_by_Door\EWEB_22010.py", line 101, in testMain
    Macros.SelectReportInstance("Access Control\\Card User Activity by Door\\%s"%ReportParameter.reportName)
  File "U:\PyAutoTestSuite\enteliweb\libraries\eweb\Macros\__init__.py", line 118, in SelectReportInstance
    accordion = AccordionPageObj()
  File "U:\PyAutoTestSuite\enteliweb\libraries\eweb\PageObjects\Accordion.py", line 76, in __init__
    self.focus()
  File "U:\PyAutoTestSuite\enteliweb\libraries\eweb\PageObjects\BasePageObject.py", line 31, in focus
    self.driver.switch_to.default_content()
  File "C:\Python27\lib\site-packages\selenium\webdriver\remote\switch_to.py", line 60, in default_content
    self._driver.execute(Command.SWITCH_TO_FRAME, {'id': None})
  File "C:\Python27\lib\site-packages\selenium\webdriver\remote\webdriver.py", line 236, in execute
    self.error_handler.check_response(response)
  File "C:\Python27\lib\site-packages\selenium\webdriver\remote\errorhandler.py", line 192, in check_response
    raise exception_class(message, screen, stacktrace)
WebDriverException: Message: Tried to run command without establishing a connection



        </pre></div>
    </div>
    <!--css div popup end-->

    </td>
</tr>

<tr id='ft9.5' class='none'>
    <td class='errorCase'><div class='testcase'>testMain_4_MM_d_y_hh_mm_a: Verify Timestamp sorting in format 'MM d,y hh:mm a'</div></td>
    <td>00:00:00.002</td>
    <td colspan='5' align='center'>

    <!--css div popup start-->
    <a class="popup_link" onfocus='this.blur();' href="javascript:showTestDetail('div_ft9.5')" >
        error</a>

    <div id='div_ft9.5' class="popup_window">
        <div style='text-align: right; color:red;cursor:pointer'>
        <a onfocus='this.blur();' onclick="document.getElementById('div_ft9.5').style.display = 'none' " >
           [x]</a>
        </div>
        <div class="result_detail"><pre>
        
ft9.5: Verify Timestamp sorting in format 'MM d,y hh:mm a'
Traceback (most recent call last):
  File "C:\Python27\lib\site-packages\ddt.py", line 139, in wrapper
    return func(self, *args, **kwargs)
  File "U:\PyAutoTestSuite\enteliweb\tests\Access_Activity_Report\Sanity_Test\Card_User_Activity_by_Door\EWEB_22010.py", line 101, in testMain
    Macros.SelectReportInstance("Access Control\\Card User Activity by Door\\%s"%ReportParameter.reportName)
  File "U:\PyAutoTestSuite\enteliweb\libraries\eweb\Macros\__init__.py", line 118, in SelectReportInstance
    accordion = AccordionPageObj()
  File "U:\PyAutoTestSuite\enteliweb\libraries\eweb\PageObjects\Accordion.py", line 76, in __init__
    self.focus()
  File "U:\PyAutoTestSuite\enteliweb\libraries\eweb\PageObjects\BasePageObject.py", line 31, in focus
    self.driver.switch_to.default_content()
  File "C:\Python27\lib\site-packages\selenium\webdriver\remote\switch_to.py", line 60, in default_content
    self._driver.execute(Command.SWITCH_TO_FRAME, {'id': None})
  File "C:\Python27\lib\site-packages\selenium\webdriver\remote\webdriver.py", line 236, in execute
    self.error_handler.check_response(response)
  File "C:\Python27\lib\site-packages\selenium\webdriver\remote\errorhandler.py", line 192, in check_response
    raise exception_class(message, screen, stacktrace)
WebDriverException: Message: Tried to run command without establishing a connection



        </pre></div>
    </div>
    <!--css div popup end-->

    </td>
</tr>

<tr id='ft9.6' class='none'>
    <td class='errorCase'><div class='testcase'>testMain_5_y_MM_dd_HH_mm: Verify Timestamp sorting in format 'y/MM/dd HH:mm'</div></td>
    <td>00:00:00.002</td>
    <td colspan='5' align='center'>

    <!--css div popup start-->
    <a class="popup_link" onfocus='this.blur();' href="javascript:showTestDetail('div_ft9.6')" >
        error</a>

    <div id='div_ft9.6' class="popup_window">
        <div style='text-align: right; color:red;cursor:pointer'>
        <a onfocus='this.blur();' onclick="document.getElementById('div_ft9.6').style.display = 'none' " >
           [x]</a>
        </div>
        <div class="result_detail"><pre>
        
ft9.6: Verify Timestamp sorting in format 'y/MM/dd HH:mm'
Traceback (most recent call last):
  File "C:\Python27\lib\site-packages\ddt.py", line 139, in wrapper
    return func(self, *args, **kwargs)
  File "U:\PyAutoTestSuite\enteliweb\tests\Access_Activity_Report\Sanity_Test\Card_User_Activity_by_Door\EWEB_22010.py", line 101, in testMain
    Macros.SelectReportInstance("Access Control\\Card User Activity by Door\\%s"%ReportParameter.reportName)
  File "U:\PyAutoTestSuite\enteliweb\libraries\eweb\Macros\__init__.py", line 118, in SelectReportInstance
    accordion = AccordionPageObj()
  File "U:\PyAutoTestSuite\enteliweb\libraries\eweb\PageObjects\Accordion.py", line 76, in __init__
    self.focus()
  File "U:\PyAutoTestSuite\enteliweb\libraries\eweb\PageObjects\BasePageObject.py", line 31, in focus
    self.driver.switch_to.default_content()
  File "C:\Python27\lib\site-packages\selenium\webdriver\remote\switch_to.py", line 60, in default_content
    self._driver.execute(Command.SWITCH_TO_FRAME, {'id': None})
  File "C:\Python27\lib\site-packages\selenium\webdriver\remote\webdriver.py", line 236, in execute
    self.error_handler.check_response(response)
  File "C:\Python27\lib\site-packages\selenium\webdriver\remote\errorhandler.py", line 192, in check_response
    raise exception_class(message, screen, stacktrace)
WebDriverException: Message: Tried to run command without establishing a connection



        </pre></div>
    </div>
    <!--css div popup end-->

    </td>
</tr>

<tr id='ft9.7' class='none'>
    <td class='errorCase'><div class='testcase'>testMain_6_y_MM_dd_hh_mm_a: Verify Timestamp sorting in format 'y/MM/dd hh:mm a'</div></td>
    <td>00:00:00.003</td>
    <td colspan='5' align='center'>

    <!--css div popup start-->
    <a class="popup_link" onfocus='this.blur();' href="javascript:showTestDetail('div_ft9.7')" >
        error</a>

    <div id='div_ft9.7' class="popup_window">
        <div style='text-align: right; color:red;cursor:pointer'>
        <a onfocus='this.blur();' onclick="document.getElementById('div_ft9.7').style.display = 'none' " >
           [x]</a>
        </div>
        <div class="result_detail"><pre>
        
ft9.7: Verify Timestamp sorting in format 'y/MM/dd hh:mm a'
Traceback (most recent call last):
  File "C:\Python27\lib\site-packages\ddt.py", line 139, in wrapper
    return func(self, *args, **kwargs)
  File "U:\PyAutoTestSuite\enteliweb\tests\Access_Activity_Report\Sanity_Test\Card_User_Activity_by_Door\EWEB_22010.py", line 101, in testMain
    Macros.SelectReportInstance("Access Control\\Card User Activity by Door\\%s"%ReportParameter.reportName)
  File "U:\PyAutoTestSuite\enteliweb\libraries\eweb\Macros\__init__.py", line 118, in SelectReportInstance
    accordion = AccordionPageObj()
  File "U:\PyAutoTestSuite\enteliweb\libraries\eweb\PageObjects\Accordion.py", line 76, in __init__
    self.focus()
  File "U:\PyAutoTestSuite\enteliweb\libraries\eweb\PageObjects\BasePageObject.py", line 31, in focus
    self.driver.switch_to.default_content()
  File "C:\Python27\lib\site-packages\selenium\webdriver\remote\switch_to.py", line 60, in default_content
    self._driver.execute(Command.SWITCH_TO_FRAME, {'id': None})
  File "C:\Python27\lib\site-packages\selenium\webdriver\remote\webdriver.py", line 236, in execute
    self.error_handler.check_response(response)
  File "C:\Python27\lib\site-packages\selenium\webdriver\remote\errorhandler.py", line 192, in check_response
    raise exception_class(message, screen, stacktrace)
WebDriverException: Message: Tried to run command without establishing a connection



        </pre></div>
    </div>
    <!--css div popup end-->

    </td>
</tr>

<tr id='ft9.8' class='none'>
    <td class='errorCase'><div class='testcase'>testMain_7_dd_MMMM_y_HH_mm: Verify Timestamp sorting in format 'dd MMMM y HH:mm'</div></td>
    <td>00:00:00.002</td>
    <td colspan='5' align='center'>

    <!--css div popup start-->
    <a class="popup_link" onfocus='this.blur();' href="javascript:showTestDetail('div_ft9.8')" >
        error</a>

    <div id='div_ft9.8' class="popup_window">
        <div style='text-align: right; color:red;cursor:pointer'>
        <a onfocus='this.blur();' onclick="document.getElementById('div_ft9.8').style.display = 'none' " >
           [x]</a>
        </div>
        <div class="result_detail"><pre>
        
ft9.8: Verify Timestamp sorting in format 'dd MMMM y HH:mm'
Traceback (most recent call last):
  File "C:\Python27\lib\site-packages\ddt.py", line 139, in wrapper
    return func(self, *args, **kwargs)
  File "U:\PyAutoTestSuite\enteliweb\tests\Access_Activity_Report\Sanity_Test\Card_User_Activity_by_Door\EWEB_22010.py", line 101, in testMain
    Macros.SelectReportInstance("Access Control\\Card User Activity by Door\\%s"%ReportParameter.reportName)
  File "U:\PyAutoTestSuite\enteliweb\libraries\eweb\Macros\__init__.py", line 118, in SelectReportInstance
    accordion = AccordionPageObj()
  File "U:\PyAutoTestSuite\enteliweb\libraries\eweb\PageObjects\Accordion.py", line 76, in __init__
    self.focus()
  File "U:\PyAutoTestSuite\enteliweb\libraries\eweb\PageObjects\BasePageObject.py", line 31, in focus
    self.driver.switch_to.default_content()
  File "C:\Python27\lib\site-packages\selenium\webdriver\remote\switch_to.py", line 60, in default_content
    self._driver.execute(Command.SWITCH_TO_FRAME, {'id': None})
  File "C:\Python27\lib\site-packages\selenium\webdriver\remote\webdriver.py", line 236, in execute
    self.error_handler.check_response(response)
  File "C:\Python27\lib\site-packages\selenium\webdriver\remote\errorhandler.py", line 192, in check_response
    raise exception_class(message, screen, stacktrace)
WebDriverException: Message: Tried to run command without establishing a connection



        </pre></div>
    </div>
    <!--css div popup end-->

    </td>
</tr>

<tr id='ft9.9' class='none'>
    <td class='errorCase'><div class='testcase'>testMain_8_dd_MM_y_HH_mm: Verify Timestamp sorting in format 'dd MM y HH:mm'</div></td>
    <td>00:00:00.002</td>
    <td colspan='5' align='center'>

    <!--css div popup start-->
    <a class="popup_link" onfocus='this.blur();' href="javascript:showTestDetail('div_ft9.9')" >
        error</a>

    <div id='div_ft9.9' class="popup_window">
        <div style='text-align: right; color:red;cursor:pointer'>
        <a onfocus='this.blur();' onclick="document.getElementById('div_ft9.9').style.display = 'none' " >
           [x]</a>
        </div>
        <div class="result_detail"><pre>
        
ft9.9: Verify Timestamp sorting in format 'dd MM y HH:mm'
Traceback (most recent call last):
  File "C:\Python27\lib\site-packages\ddt.py", line 139, in wrapper
    return func(self, *args, **kwargs)
  File "U:\PyAutoTestSuite\enteliweb\tests\Access_Activity_Report\Sanity_Test\Card_User_Activity_by_Door\EWEB_22010.py", line 101, in testMain
    Macros.SelectReportInstance("Access Control\\Card User Activity by Door\\%s"%ReportParameter.reportName)
  File "U:\PyAutoTestSuite\enteliweb\libraries\eweb\Macros\__init__.py", line 118, in SelectReportInstance
    accordion = AccordionPageObj()
  File "U:\PyAutoTestSuite\enteliweb\libraries\eweb\PageObjects\Accordion.py", line 76, in __init__
    self.focus()
  File "U:\PyAutoTestSuite\enteliweb\libraries\eweb\PageObjects\BasePageObject.py", line 31, in focus
    self.driver.switch_to.default_content()
  File "C:\Python27\lib\site-packages\selenium\webdriver\remote\switch_to.py", line 60, in default_content
    self._driver.execute(Command.SWITCH_TO_FRAME, {'id': None})
  File "C:\Python27\lib\site-packages\selenium\webdriver\remote\webdriver.py", line 236, in execute
    self.error_handler.check_response(response)
  File "C:\Python27\lib\site-packages\selenium\webdriver\remote\errorhandler.py", line 192, in check_response
    raise exception_class(message, screen, stacktrace)
WebDriverException: Message: Tried to run command without establishing a connection



        </pre></div>
    </div>
    <!--css div popup end-->

    </td>
</tr>

<tr id='ft9.10' class='none'>
    <td class='errorCase'><div class='testcase'>testMain_9_dd_MM_y_HH_mm: Verify Timestamp sorting in format 'dd.MM.y HH:mm'</div></td>
    <td>00:00:00.002</td>
    <td colspan='5' align='center'>

    <!--css div popup start-->
    <a class="popup_link" onfocus='this.blur();' href="javascript:showTestDetail('div_ft9.10')" >
        error</a>

    <div id='div_ft9.10' class="popup_window">
        <div style='text-align: right; color:red;cursor:pointer'>
        <a onfocus='this.blur();' onclick="document.getElementById('div_ft9.10').style.display = 'none' " >
           [x]</a>
        </div>
        <div class="result_detail"><pre>
        
ft9.10: Verify Timestamp sorting in format 'dd.MM.y HH:mm'
Traceback (most recent call last):
  File "C:\Python27\lib\site-packages\ddt.py", line 139, in wrapper
    return func(self, *args, **kwargs)
  File "U:\PyAutoTestSuite\enteliweb\tests\Access_Activity_Report\Sanity_Test\Card_User_Activity_by_Door\EWEB_22010.py", line 101, in testMain
    Macros.SelectReportInstance("Access Control\\Card User Activity by Door\\%s"%ReportParameter.reportName)
  File "U:\PyAutoTestSuite\enteliweb\libraries\eweb\Macros\__init__.py", line 118, in SelectReportInstance
    accordion = AccordionPageObj()
  File "U:\PyAutoTestSuite\enteliweb\libraries\eweb\PageObjects\Accordion.py", line 76, in __init__
    self.focus()
  File "U:\PyAutoTestSuite\enteliweb\libraries\eweb\PageObjects\BasePageObject.py", line 31, in focus
    self.driver.switch_to.default_content()
  File "C:\Python27\lib\site-packages\selenium\webdriver\remote\switch_to.py", line 60, in default_content
    self._driver.execute(Command.SWITCH_TO_FRAME, {'id': None})
  File "C:\Python27\lib\site-packages\selenium\webdriver\remote\webdriver.py", line 236, in execute
    self.error_handler.check_response(response)
  File "C:\Python27\lib\site-packages\selenium\webdriver\remote\errorhandler.py", line 192, in check_response
    raise exception_class(message, screen, stacktrace)
WebDriverException: Message: Tried to run command without establishing a connection



        </pre></div>
    </div>
    <!--css div popup end-->

    </td>
</tr>

<tr class='errorClass'>
    <td>unittest.suite._ErrorHolder</td>
    <td>00:00:00.000</td>
    <td>2</td>
    <td>0</td>
    <td>0</td>
    <td>2</td>
    <td><a href="javascript:showClassDetail('c10',2)">Detail</a></td>
</tr>

<tr id='ft10.1' class='none'>
    <td class='errorCase'><div class='testcase'>TestCase)</div></td>
    <td>00:00:00.000</td>
    <td colspan='5' align='center'>

    <!--css div popup start-->
    <a class="popup_link" onfocus='this.blur();' href="javascript:showTestDetail('div_ft10.1')" >
        error</a>

    <div id='div_ft10.1' class="popup_window">
        <div style='text-align: right; color:red;cursor:pointer'>
        <a onfocus='this.blur();' onclick="document.getElementById('div_ft10.1').style.display = 'none' " >
           [x]</a>
        </div>
        <div class="result_detail"><pre>
        
ft10.1: Verify Timestamp sorting in format 'dd.MM.y HH:mm'
Traceback (most recent call last):
  File "U:\PyAutoTestSuite\enteliweb\tests\Access_Activity_Report\Sanity_Test\Card_User_Activity_by_Door\EWEB_22010.py", line 74, in tearDownClass
    Macros.CloseEnteliWEB()
  File "U:\PyAutoTestSuite\enteliweb\libraries\eweb\Macros\__init__.py", line 46, in CloseEnteliWEB
    selenium_server_connection.stop()
  File "U:\PyAutoTestSuite\enteliweb\libraries\eweb\PageObjects\seleniumwrapper.py", line 42, in stop
    self.connection.quit()
  File "C:\Python27\lib\site-packages\selenium\webdriver\firefox\webdriver.py", line 174, in quit
    RemoteWebDriver.quit(self)
  File "C:\Python27\lib\site-packages\selenium\webdriver\remote\webdriver.py", line 520, in quit
    self.execute(Command.QUIT)
  File "C:\Python27\lib\site-packages\selenium\webdriver\remote\webdriver.py", line 236, in execute
    self.error_handler.check_response(response)
  File "C:\Python27\lib\site-packages\selenium\webdriver\remote\errorhandler.py", line 192, in check_response
    raise exception_class(message, screen, stacktrace)
WebDriverException: Message: Tried to run command without establishing a connection



        </pre></div>
    </div>
    <!--css div popup end-->

    </td>
</tr>

<tr id='ft10.2' class='none'>
    <td class='errorCase'><div class='testcase'>TestCase)</div></td>
    <td>00:00:00.000</td>
    <td colspan='5' align='center'>

    <!--css div popup start-->
    <a class="popup_link" onfocus='this.blur();' href="javascript:showTestDetail('div_ft10.2')" >
        error</a>

    <div id='div_ft10.2' class="popup_window">
        <div style='text-align: right; color:red;cursor:pointer'>
        <a onfocus='this.blur();' onclick="document.getElementById('div_ft10.2').style.display = 'none' " >
           [x]</a>
        </div>
        <div class="result_detail"><pre>
        
ft10.2: Verify Timestamp sorting in format 'dd.MM.y HH:mm'
Traceback (most recent call last):
  File "U:\PyAutoTestSuite\enteliweb\tests\Access_Activity_Report\Sanity_Test\Door_Activity\EWEB_22010.py", line 74, in tearDownClass
    Macros.CloseEnteliWEB()
  File "U:\PyAutoTestSuite\enteliweb\libraries\eweb\Macros\__init__.py", line 46, in CloseEnteliWEB
    selenium_server_connection.stop()
  File "U:\PyAutoTestSuite\enteliweb\libraries\eweb\PageObjects\seleniumwrapper.py", line 42, in stop
    self.connection.quit()
  File "C:\Python27\lib\site-packages\selenium\webdriver\firefox\webdriver.py", line 174, in quit
    RemoteWebDriver.quit(self)
  File "C:\Python27\lib\site-packages\selenium\webdriver\remote\webdriver.py", line 520, in quit
    self.execute(Command.QUIT)
  File "C:\Python27\lib\site-packages\selenium\webdriver\remote\webdriver.py", line 236, in execute
    self.error_handler.check_response(response)
  File "C:\Python27\lib\site-packages\selenium\webdriver\remote\errorhandler.py", line 192, in check_response
    raise exception_class(message, screen, stacktrace)
WebDriverException: Message: Tried to run command without establishing a connection



        </pre></div>
    </div>
    <!--css div popup end-->

    </td>
</tr>

<tr class='errorClass'>
    <td>tests.Access_Activity_Report.Sanity_Test.Door_Activity.EWEB_22010.TestCase</td>
    <td>01:46:06.639</td>
    <td>10</td>
    <td>0</td>
    <td>0</td>
    <td>10</td>
    <td><a href="javascript:showClassDetail('c11',10)">Detail</a></td>
</tr>

<tr id='ft11.1' class='none'>
    <td class='errorCase'><div class='testcase'>testMain_10_y_MM_dd_HH_mm: Verify Timestamp sorting in format 'y-MM-dd HH:mm'</div></td>
    <td>01:46:06.602</td>
    <td colspan='5' align='center'>

    <!--css div popup start-->
    <a class="popup_link" onfocus='this.blur();' href="javascript:showTestDetail('div_ft11.1')" >
        error</a>

    <div id='div_ft11.1' class="popup_window">
        <div style='text-align: right; color:red;cursor:pointer'>
        <a onfocus='this.blur();' onclick="document.getElementById('div_ft11.1').style.display = 'none' " >
           [x]</a>
        </div>
        <div class="result_detail"><pre>
        
ft11.1: Verify Timestamp sorting in format 'y-MM-dd HH:mm'
debug: switch back to default
debug: switch to frame mainFrame
debug: switch to frame mainFrame
Traceback (most recent call last):
  File "C:\Python27\lib\site-packages\ddt.py", line 139, in wrapper
    return func(self, *args, **kwargs)
  File "U:\PyAutoTestSuite\enteliweb\tests\Access_Activity_Report\Sanity_Test\Door_Activity\EWEB_22010.py", line 124, in testMain
    self.resultFromReport = self.testingReport.generatedReportGetData()
  File "U:\PyAutoTestSuite\enteliweb\libraries\eweb\PageObjects\Access_Activity_Reports\Access_Activity_Generic.py", line 535, in generatedReportGetData
    driver.switch_to_default_content()
  File "C:\Python27\lib\site-packages\selenium\webdriver\remote\webdriver.py", line 580, in switch_to_default_content
    self._switch_to.default_content()
  File "C:\Python27\lib\site-packages\selenium\webdriver\remote\switch_to.py", line 60, in default_content
    self._driver.execute(Command.SWITCH_TO_FRAME, {'id': None})
  File "C:\Python27\lib\site-packages\selenium\webdriver\remote\webdriver.py", line 236, in execute
    self.error_handler.check_response(response)
  File "C:\Python27\lib\site-packages\selenium\webdriver\remote\errorhandler.py", line 192, in check_response
    raise exception_class(message, screen, stacktrace)
WebDriverException: Message: Tried to run command without establishing a connection



        </pre></div>
    </div>
    <!--css div popup end-->

    </td>
</tr>

<tr id='ft11.2' class='none'>
    <td class='errorCase'><div class='testcase'>testMain_1_MMMM_d_y_HH_mm: Verify Timestamp sorting in format 'MMMM d,y HH:mm'</div></td>
    <td>00:00:00.012</td>
    <td colspan='5' align='center'>

    <!--css div popup start-->
    <a class="popup_link" onfocus='this.blur();' href="javascript:showTestDetail('div_ft11.2')" >
        error</a>

    <div id='div_ft11.2' class="popup_window">
        <div style='text-align: right; color:red;cursor:pointer'>
        <a onfocus='this.blur();' onclick="document.getElementById('div_ft11.2').style.display = 'none' " >
           [x]</a>
        </div>
        <div class="result_detail"><pre>
        
ft11.2: Verify Timestamp sorting in format 'MMMM d,y HH:mm'
Traceback (most recent call last):
  File "C:\Python27\lib\site-packages\ddt.py", line 139, in wrapper
    return func(self, *args, **kwargs)
  File "U:\PyAutoTestSuite\enteliweb\tests\Access_Activity_Report\Sanity_Test\Door_Activity\EWEB_22010.py", line 101, in testMain
    Macros.SelectReportInstance("Access Control\\Door Activity\\%s"%ReportParameter.reportName)
  File "U:\PyAutoTestSuite\enteliweb\libraries\eweb\Macros\__init__.py", line 118, in SelectReportInstance
    accordion = AccordionPageObj()
  File "U:\PyAutoTestSuite\enteliweb\libraries\eweb\PageObjects\Accordion.py", line 76, in __init__
    self.focus()
  File "U:\PyAutoTestSuite\enteliweb\libraries\eweb\PageObjects\BasePageObject.py", line 31, in focus
    self.driver.switch_to.default_content()
  File "C:\Python27\lib\site-packages\selenium\webdriver\remote\switch_to.py", line 60, in default_content
    self._driver.execute(Command.SWITCH_TO_FRAME, {'id': None})
  File "C:\Python27\lib\site-packages\selenium\webdriver\remote\webdriver.py", line 236, in execute
    self.error_handler.check_response(response)
  File "C:\Python27\lib\site-packages\selenium\webdriver\remote\errorhandler.py", line 192, in check_response
    raise exception_class(message, screen, stacktrace)
WebDriverException: Message: Tried to run command without establishing a connection



        </pre></div>
    </div>
    <!--css div popup end-->

    </td>
</tr>

<tr id='ft11.3' class='none'>
    <td class='errorCase'><div class='testcase'>testMain_2_MMMM_d_y_hh_mm_a: Verify Timestamp sorting in format 'MMMM d,y hh:mm a'</div></td>
    <td>00:00:00.004</td>
    <td colspan='5' align='center'>

    <!--css div popup start-->
    <a class="popup_link" onfocus='this.blur();' href="javascript:showTestDetail('div_ft11.3')" >
        error</a>

    <div id='div_ft11.3' class="popup_window">
        <div style='text-align: right; color:red;cursor:pointer'>
        <a onfocus='this.blur();' onclick="document.getElementById('div_ft11.3').style.display = 'none' " >
           [x]</a>
        </div>
        <div class="result_detail"><pre>
        
ft11.3: Verify Timestamp sorting in format 'MMMM d,y hh:mm a'
Traceback (most recent call last):
  File "C:\Python27\lib\site-packages\ddt.py", line 139, in wrapper
    return func(self, *args, **kwargs)
  File "U:\PyAutoTestSuite\enteliweb\tests\Access_Activity_Report\Sanity_Test\Door_Activity\EWEB_22010.py", line 101, in testMain
    Macros.SelectReportInstance("Access Control\\Door Activity\\%s"%ReportParameter.reportName)
  File "U:\PyAutoTestSuite\enteliweb\libraries\eweb\Macros\__init__.py", line 118, in SelectReportInstance
    accordion = AccordionPageObj()
  File "U:\PyAutoTestSuite\enteliweb\libraries\eweb\PageObjects\Accordion.py", line 76, in __init__
    self.focus()
  File "U:\PyAutoTestSuite\enteliweb\libraries\eweb\PageObjects\BasePageObject.py", line 31, in focus
    self.driver.switch_to.default_content()
  File "C:\Python27\lib\site-packages\selenium\webdriver\remote\switch_to.py", line 60, in default_content
    self._driver.execute(Command.SWITCH_TO_FRAME, {'id': None})
  File "C:\Python27\lib\site-packages\selenium\webdriver\remote\webdriver.py", line 236, in execute
    self.error_handler.check_response(response)
  File "C:\Python27\lib\site-packages\selenium\webdriver\remote\errorhandler.py", line 192, in check_response
    raise exception_class(message, screen, stacktrace)
WebDriverException: Message: Tried to run command without establishing a connection



        </pre></div>
    </div>
    <!--css div popup end-->

    </td>
</tr>

<tr id='ft11.4' class='none'>
    <td class='errorCase'><div class='testcase'>testMain_3_MM_d_y_HH_mm: Verify Timestamp sorting in format 'MM d,y HH:mm'</div></td>
    <td>00:00:00.003</td>
    <td colspan='5' align='center'>

    <!--css div popup start-->
    <a class="popup_link" onfocus='this.blur();' href="javascript:showTestDetail('div_ft11.4')" >
        error</a>

    <div id='div_ft11.4' class="popup_window">
        <div style='text-align: right; color:red;cursor:pointer'>
        <a onfocus='this.blur();' onclick="document.getElementById('div_ft11.4').style.display = 'none' " >
           [x]</a>
        </div>
        <div class="result_detail"><pre>
        
ft11.4: Verify Timestamp sorting in format 'MM d,y HH:mm'
Traceback (most recent call last):
  File "C:\Python27\lib\site-packages\ddt.py", line 139, in wrapper
    return func(self, *args, **kwargs)
  File "U:\PyAutoTestSuite\enteliweb\tests\Access_Activity_Report\Sanity_Test\Door_Activity\EWEB_22010.py", line 101, in testMain
    Macros.SelectReportInstance("Access Control\\Door Activity\\%s"%ReportParameter.reportName)
  File "U:\PyAutoTestSuite\enteliweb\libraries\eweb\Macros\__init__.py", line 118, in SelectReportInstance
    accordion = AccordionPageObj()
  File "U:\PyAutoTestSuite\enteliweb\libraries\eweb\PageObjects\Accordion.py", line 76, in __init__
    self.focus()
  File "U:\PyAutoTestSuite\enteliweb\libraries\eweb\PageObjects\BasePageObject.py", line 31, in focus
    self.driver.switch_to.default_content()
  File "C:\Python27\lib\site-packages\selenium\webdriver\remote\switch_to.py", line 60, in default_content
    self._driver.execute(Command.SWITCH_TO_FRAME, {'id': None})
  File "C:\Python27\lib\site-packages\selenium\webdriver\remote\webdriver.py", line 236, in execute
    self.error_handler.check_response(response)
  File "C:\Python27\lib\site-packages\selenium\webdriver\remote\errorhandler.py", line 192, in check_response
    raise exception_class(message, screen, stacktrace)
WebDriverException: Message: Tried to run command without establishing a connection



        </pre></div>
    </div>
    <!--css div popup end-->

    </td>
</tr>

<tr id='ft11.5' class='none'>
    <td class='errorCase'><div class='testcase'>testMain_4_MM_d_y_hh_mm_a: Verify Timestamp sorting in format 'MM d,y hh:mm a'</div></td>
    <td>00:00:00.003</td>
    <td colspan='5' align='center'>

    <!--css div popup start-->
    <a class="popup_link" onfocus='this.blur();' href="javascript:showTestDetail('div_ft11.5')" >
        error</a>

    <div id='div_ft11.5' class="popup_window">
        <div style='text-align: right; color:red;cursor:pointer'>
        <a onfocus='this.blur();' onclick="document.getElementById('div_ft11.5').style.display = 'none' " >
           [x]</a>
        </div>
        <div class="result_detail"><pre>
        
ft11.5: Verify Timestamp sorting in format 'MM d,y hh:mm a'
Traceback (most recent call last):
  File "C:\Python27\lib\site-packages\ddt.py", line 139, in wrapper
    return func(self, *args, **kwargs)
  File "U:\PyAutoTestSuite\enteliweb\tests\Access_Activity_Report\Sanity_Test\Door_Activity\EWEB_22010.py", line 101, in testMain
    Macros.SelectReportInstance("Access Control\\Door Activity\\%s"%ReportParameter.reportName)
  File "U:\PyAutoTestSuite\enteliweb\libraries\eweb\Macros\__init__.py", line 118, in SelectReportInstance
    accordion = AccordionPageObj()
  File "U:\PyAutoTestSuite\enteliweb\libraries\eweb\PageObjects\Accordion.py", line 76, in __init__
    self.focus()
  File "U:\PyAutoTestSuite\enteliweb\libraries\eweb\PageObjects\BasePageObject.py", line 31, in focus
    self.driver.switch_to.default_content()
  File "C:\Python27\lib\site-packages\selenium\webdriver\remote\switch_to.py", line 60, in default_content
    self._driver.execute(Command.SWITCH_TO_FRAME, {'id': None})
  File "C:\Python27\lib\site-packages\selenium\webdriver\remote\webdriver.py", line 236, in execute
    self.error_handler.check_response(response)
  File "C:\Python27\lib\site-packages\selenium\webdriver\remote\errorhandler.py", line 192, in check_response
    raise exception_class(message, screen, stacktrace)
WebDriverException: Message: Tried to run command without establishing a connection



        </pre></div>
    </div>
    <!--css div popup end-->

    </td>
</tr>

<tr id='ft11.6' class='none'>
    <td class='errorCase'><div class='testcase'>testMain_5_y_MM_dd_HH_mm: Verify Timestamp sorting in format 'y/MM/dd HH:mm'</div></td>
    <td>00:00:00.003</td>
    <td colspan='5' align='center'>

    <!--css div popup start-->
    <a class="popup_link" onfocus='this.blur();' href="javascript:showTestDetail('div_ft11.6')" >
        error</a>

    <div id='div_ft11.6' class="popup_window">
        <div style='text-align: right; color:red;cursor:pointer'>
        <a onfocus='this.blur();' onclick="document.getElementById('div_ft11.6').style.display = 'none' " >
           [x]</a>
        </div>
        <div class="result_detail"><pre>
        
ft11.6: Verify Timestamp sorting in format 'y/MM/dd HH:mm'
Traceback (most recent call last):
  File "C:\Python27\lib\site-packages\ddt.py", line 139, in wrapper
    return func(self, *args, **kwargs)
  File "U:\PyAutoTestSuite\enteliweb\tests\Access_Activity_Report\Sanity_Test\Door_Activity\EWEB_22010.py", line 101, in testMain
    Macros.SelectReportInstance("Access Control\\Door Activity\\%s"%ReportParameter.reportName)
  File "U:\PyAutoTestSuite\enteliweb\libraries\eweb\Macros\__init__.py", line 118, in SelectReportInstance
    accordion = AccordionPageObj()
  File "U:\PyAutoTestSuite\enteliweb\libraries\eweb\PageObjects\Accordion.py", line 76, in __init__
    self.focus()
  File "U:\PyAutoTestSuite\enteliweb\libraries\eweb\PageObjects\BasePageObject.py", line 31, in focus
    self.driver.switch_to.default_content()
  File "C:\Python27\lib\site-packages\selenium\webdriver\remote\switch_to.py", line 60, in default_content
    self._driver.execute(Command.SWITCH_TO_FRAME, {'id': None})
  File "C:\Python27\lib\site-packages\selenium\webdriver\remote\webdriver.py", line 236, in execute
    self.error_handler.check_response(response)
  File "C:\Python27\lib\site-packages\selenium\webdriver\remote\errorhandler.py", line 192, in check_response
    raise exception_class(message, screen, stacktrace)
WebDriverException: Message: Tried to run command without establishing a connection



        </pre></div>
    </div>
    <!--css div popup end-->

    </td>
</tr>

<tr id='ft11.7' class='none'>
    <td class='errorCase'><div class='testcase'>testMain_6_y_MM_dd_hh_mm_a: Verify Timestamp sorting in format 'y/MM/dd hh:mm a'</div></td>
    <td>00:00:00.003</td>
    <td colspan='5' align='center'>

    <!--css div popup start-->
    <a class="popup_link" onfocus='this.blur();' href="javascript:showTestDetail('div_ft11.7')" >
        error</a>

    <div id='div_ft11.7' class="popup_window">
        <div style='text-align: right; color:red;cursor:pointer'>
        <a onfocus='this.blur();' onclick="document.getElementById('div_ft11.7').style.display = 'none' " >
           [x]</a>
        </div>
        <div class="result_detail"><pre>
        
ft11.7: Verify Timestamp sorting in format 'y/MM/dd hh:mm a'
Traceback (most recent call last):
  File "C:\Python27\lib\site-packages\ddt.py", line 139, in wrapper
    return func(self, *args, **kwargs)
  File "U:\PyAutoTestSuite\enteliweb\tests\Access_Activity_Report\Sanity_Test\Door_Activity\EWEB_22010.py", line 101, in testMain
    Macros.SelectReportInstance("Access Control\\Door Activity\\%s"%ReportParameter.reportName)
  File "U:\PyAutoTestSuite\enteliweb\libraries\eweb\Macros\__init__.py", line 118, in SelectReportInstance
    accordion = AccordionPageObj()
  File "U:\PyAutoTestSuite\enteliweb\libraries\eweb\PageObjects\Accordion.py", line 76, in __init__
    self.focus()
  File "U:\PyAutoTestSuite\enteliweb\libraries\eweb\PageObjects\BasePageObject.py", line 31, in focus
    self.driver.switch_to.default_content()
  File "C:\Python27\lib\site-packages\selenium\webdriver\remote\switch_to.py", line 60, in default_content
    self._driver.execute(Command.SWITCH_TO_FRAME, {'id': None})
  File "C:\Python27\lib\site-packages\selenium\webdriver\remote\webdriver.py", line 236, in execute
    self.error_handler.check_response(response)
  File "C:\Python27\lib\site-packages\selenium\webdriver\remote\errorhandler.py", line 192, in check_response
    raise exception_class(message, screen, stacktrace)
WebDriverException: Message: Tried to run command without establishing a connection



        </pre></div>
    </div>
    <!--css div popup end-->

    </td>
</tr>

<tr id='ft11.8' class='none'>
    <td class='errorCase'><div class='testcase'>testMain_7_dd_MMMM_y_HH_mm: Verify Timestamp sorting in format 'dd MMMM y HH:mm'</div></td>
    <td>00:00:00.003</td>
    <td colspan='5' align='center'>

    <!--css div popup start-->
    <a class="popup_link" onfocus='this.blur();' href="javascript:showTestDetail('div_ft11.8')" >
        error</a>

    <div id='div_ft11.8' class="popup_window">
        <div style='text-align: right; color:red;cursor:pointer'>
        <a onfocus='this.blur();' onclick="document.getElementById('div_ft11.8').style.display = 'none' " >
           [x]</a>
        </div>
        <div class="result_detail"><pre>
        
ft11.8: Verify Timestamp sorting in format 'dd MMMM y HH:mm'
Traceback (most recent call last):
  File "C:\Python27\lib\site-packages\ddt.py", line 139, in wrapper
    return func(self, *args, **kwargs)
  File "U:\PyAutoTestSuite\enteliweb\tests\Access_Activity_Report\Sanity_Test\Door_Activity\EWEB_22010.py", line 101, in testMain
    Macros.SelectReportInstance("Access Control\\Door Activity\\%s"%ReportParameter.reportName)
  File "U:\PyAutoTestSuite\enteliweb\libraries\eweb\Macros\__init__.py", line 118, in SelectReportInstance
    accordion = AccordionPageObj()
  File "U:\PyAutoTestSuite\enteliweb\libraries\eweb\PageObjects\Accordion.py", line 76, in __init__
    self.focus()
  File "U:\PyAutoTestSuite\enteliweb\libraries\eweb\PageObjects\BasePageObject.py", line 31, in focus
    self.driver.switch_to.default_content()
  File "C:\Python27\lib\site-packages\selenium\webdriver\remote\switch_to.py", line 60, in default_content
    self._driver.execute(Command.SWITCH_TO_FRAME, {'id': None})
  File "C:\Python27\lib\site-packages\selenium\webdriver\remote\webdriver.py", line 236, in execute
    self.error_handler.check_response(response)
  File "C:\Python27\lib\site-packages\selenium\webdriver\remote\errorhandler.py", line 192, in check_response
    raise exception_class(message, screen, stacktrace)
WebDriverException: Message: Tried to run command without establishing a connection



        </pre></div>
    </div>
    <!--css div popup end-->

    </td>
</tr>

<tr id='ft11.9' class='none'>
    <td class='errorCase'><div class='testcase'>testMain_8_dd_MM_y_HH_mm: Verify Timestamp sorting in format 'dd MM y HH:mm'</div></td>
    <td>00:00:00.003</td>
    <td colspan='5' align='center'>

    <!--css div popup start-->
    <a class="popup_link" onfocus='this.blur();' href="javascript:showTestDetail('div_ft11.9')" >
        error</a>

    <div id='div_ft11.9' class="popup_window">
        <div style='text-align: right; color:red;cursor:pointer'>
        <a onfocus='this.blur();' onclick="document.getElementById('div_ft11.9').style.display = 'none' " >
           [x]</a>
        </div>
        <div class="result_detail"><pre>
        
ft11.9: Verify Timestamp sorting in format 'dd MM y HH:mm'
Traceback (most recent call last):
  File "C:\Python27\lib\site-packages\ddt.py", line 139, in wrapper
    return func(self, *args, **kwargs)
  File "U:\PyAutoTestSuite\enteliweb\tests\Access_Activity_Report\Sanity_Test\Door_Activity\EWEB_22010.py", line 101, in testMain
    Macros.SelectReportInstance("Access Control\\Door Activity\\%s"%ReportParameter.reportName)
  File "U:\PyAutoTestSuite\enteliweb\libraries\eweb\Macros\__init__.py", line 118, in SelectReportInstance
    accordion = AccordionPageObj()
  File "U:\PyAutoTestSuite\enteliweb\libraries\eweb\PageObjects\Accordion.py", line 76, in __init__
    self.focus()
  File "U:\PyAutoTestSuite\enteliweb\libraries\eweb\PageObjects\BasePageObject.py", line 31, in focus
    self.driver.switch_to.default_content()
  File "C:\Python27\lib\site-packages\selenium\webdriver\remote\switch_to.py", line 60, in default_content
    self._driver.execute(Command.SWITCH_TO_FRAME, {'id': None})
  File "C:\Python27\lib\site-packages\selenium\webdriver\remote\webdriver.py", line 236, in execute
    self.error_handler.check_response(response)
  File "C:\Python27\lib\site-packages\selenium\webdriver\remote\errorhandler.py", line 192, in check_response
    raise exception_class(message, screen, stacktrace)
WebDriverException: Message: Tried to run command without establishing a connection



        </pre></div>
    </div>
    <!--css div popup end-->

    </td>
</tr>

<tr id='ft11.10' class='none'>
    <td class='errorCase'><div class='testcase'>testMain_9_dd_MM_y_HH_mm: Verify Timestamp sorting in format 'dd.MM.y HH:mm'</div></td>
    <td>00:00:00.003</td>
    <td colspan='5' align='center'>

    <!--css div popup start-->
    <a class="popup_link" onfocus='this.blur();' href="javascript:showTestDetail('div_ft11.10')" >
        error</a>

    <div id='div_ft11.10' class="popup_window">
        <div style='text-align: right; color:red;cursor:pointer'>
        <a onfocus='this.blur();' onclick="document.getElementById('div_ft11.10').style.display = 'none' " >
           [x]</a>
        </div>
        <div class="result_detail"><pre>
        
ft11.10: Verify Timestamp sorting in format 'dd.MM.y HH:mm'
Traceback (most recent call last):
  File "C:\Python27\lib\site-packages\ddt.py", line 139, in wrapper
    return func(self, *args, **kwargs)
  File "U:\PyAutoTestSuite\enteliweb\tests\Access_Activity_Report\Sanity_Test\Door_Activity\EWEB_22010.py", line 101, in testMain
    Macros.SelectReportInstance("Access Control\\Door Activity\\%s"%ReportParameter.reportName)
  File "U:\PyAutoTestSuite\enteliweb\libraries\eweb\Macros\__init__.py", line 118, in SelectReportInstance
    accordion = AccordionPageObj()
  File "U:\PyAutoTestSuite\enteliweb\libraries\eweb\PageObjects\Accordion.py", line 76, in __init__
    self.focus()
  File "U:\PyAutoTestSuite\enteliweb\libraries\eweb\PageObjects\BasePageObject.py", line 31, in focus
    self.driver.switch_to.default_content()
  File "C:\Python27\lib\site-packages\selenium\webdriver\remote\switch_to.py", line 60, in default_content
    self._driver.execute(Command.SWITCH_TO_FRAME, {'id': None})
  File "C:\Python27\lib\site-packages\selenium\webdriver\remote\webdriver.py", line 236, in execute
    self.error_handler.check_response(response)
  File "C:\Python27\lib\site-packages\selenium\webdriver\remote\errorhandler.py", line 192, in check_response
    raise exception_class(message, screen, stacktrace)
WebDriverException: Message: Tried to run command without establishing a connection



        </pre></div>
    </div>
    <!--css div popup end-->

    </td>
</tr>

<tr class='passClass'>
    <td>tests.Access_Activity_Report.Sanity_Test.Transactions_by_Event_Type.EWEB_22010.TestCase</td>
    <td>00:49:06.007</td>
    <td>10</td>
    <td>10</td>
    <td>0</td>
    <td>0</td>
    <td><a href="javascript:showClassDetail('c12',10)">Detail</a></td>
</tr>

<tr id='pt12.1' class='hiddenRow'>
    <td class='none'><div class='testcase'>testMain_10_y_MM_dd_HH_mm: Verify Timestamp sorting in format 'y-MM-dd HH:mm'</div></td>
    <td>00:02:29.339</td>
    <td colspan='5' align='center'>

    <!--css div popup start-->
    <a class="popup_link" onfocus='this.blur();' href="javascript:showTestDetail('div_pt12.1')" >
        pass</a>

    <div id='div_pt12.1' class="popup_window">
        <div style='text-align: right; color:red;cursor:pointer'>
        <a onfocus='this.blur();' onclick="document.getElementById('div_pt12.1').style.display = 'none' " >
           [x]</a>
        </div>
        <div class="result_detail"><pre>
        
pt12.1: Verify Timestamp sorting in format 'y-MM-dd HH:mm'
debug: switch back to default
debug: switch to frame mainFrame
debug: switch to frame mainFrame


        </pre></div>
    </div>
    <!--css div popup end-->

    </td>
</tr>

<tr id='pt12.2' class='hiddenRow'>
    <td class='none'><div class='testcase'>testMain_1_MMMM_d_y_HH_mm: Verify Timestamp sorting in format 'MMMM d,y HH:mm'</div></td>
    <td>00:04:03.230</td>
    <td colspan='5' align='center'>

    <!--css div popup start-->
    <a class="popup_link" onfocus='this.blur();' href="javascript:showTestDetail('div_pt12.2')" >
        pass</a>

    <div id='div_pt12.2' class="popup_window">
        <div style='text-align: right; color:red;cursor:pointer'>
        <a onfocus='this.blur();' onclick="document.getElementById('div_pt12.2').style.display = 'none' " >
           [x]</a>
        </div>
        <div class="result_detail"><pre>
        
pt12.2: Verify Timestamp sorting in format 'MMMM d,y HH:mm'
debug: switch back to default
debug: switch to frame mainFrame
debug: switch to frame mainFrame


        </pre></div>
    </div>
    <!--css div popup end-->

    </td>
</tr>

<tr id='pt12.3' class='hiddenRow'>
    <td class='none'><div class='testcase'>testMain_2_MMMM_d_y_hh_mm_a: Verify Timestamp sorting in format 'MMMM d,y hh:mm a'</div></td>
    <td>00:04:02.410</td>
    <td colspan='5' align='center'>

    <!--css div popup start-->
    <a class="popup_link" onfocus='this.blur();' href="javascript:showTestDetail('div_pt12.3')" >
        pass</a>

    <div id='div_pt12.3' class="popup_window">
        <div style='text-align: right; color:red;cursor:pointer'>
        <a onfocus='this.blur();' onclick="document.getElementById('div_pt12.3').style.display = 'none' " >
           [x]</a>
        </div>
        <div class="result_detail"><pre>
        
pt12.3: Verify Timestamp sorting in format 'MMMM d,y hh:mm a'
debug: switch back to default
debug: switch to frame mainFrame
debug: switch to frame mainFrame


        </pre></div>
    </div>
    <!--css div popup end-->

    </td>
</tr>

<tr id='pt12.4' class='hiddenRow'>
    <td class='none'><div class='testcase'>testMain_3_MM_d_y_HH_mm: Verify Timestamp sorting in format 'MM d,y HH:mm'</div></td>
    <td>00:04:10.544</td>
    <td colspan='5' align='center'>

    <!--css div popup start-->
    <a class="popup_link" onfocus='this.blur();' href="javascript:showTestDetail('div_pt12.4')" >
        pass</a>

    <div id='div_pt12.4' class="popup_window">
        <div style='text-align: right; color:red;cursor:pointer'>
        <a onfocus='this.blur();' onclick="document.getElementById('div_pt12.4').style.display = 'none' " >
           [x]</a>
        </div>
        <div class="result_detail"><pre>
        
pt12.4: Verify Timestamp sorting in format 'MM d,y HH:mm'
debug: switch back to default
debug: switch to frame mainFrame
debug: switch to frame mainFrame


        </pre></div>
    </div>
    <!--css div popup end-->

    </td>
</tr>

<tr id='pt12.5' class='hiddenRow'>
    <td class='none'><div class='testcase'>testMain_4_MM_d_y_hh_mm_a: Verify Timestamp sorting in format 'MM d,y hh:mm a'</div></td>
    <td>00:06:01.794</td>
    <td colspan='5' align='center'>

    <!--css div popup start-->
    <a class="popup_link" onfocus='this.blur();' href="javascript:showTestDetail('div_pt12.5')" >
        pass</a>

    <div id='div_pt12.5' class="popup_window">
        <div style='text-align: right; color:red;cursor:pointer'>
        <a onfocus='this.blur();' onclick="document.getElementById('div_pt12.5').style.display = 'none' " >
           [x]</a>
        </div>
        <div class="result_detail"><pre>
        
pt12.5: Verify Timestamp sorting in format 'MM d,y hh:mm a'
debug: switch back to default
debug: switch to frame mainFrame
debug: switch to frame mainFrame


        </pre></div>
    </div>
    <!--css div popup end-->

    </td>
</tr>

<tr id='pt12.6' class='hiddenRow'>
    <td class='none'><div class='testcase'>testMain_5_y_MM_dd_HH_mm: Verify Timestamp sorting in format 'y/MM/dd HH:mm'</div></td>
    <td>00:07:58.481</td>
    <td colspan='5' align='center'>

    <!--css div popup start-->
    <a class="popup_link" onfocus='this.blur();' href="javascript:showTestDetail('div_pt12.6')" >
        pass</a>

    <div id='div_pt12.6' class="popup_window">
        <div style='text-align: right; color:red;cursor:pointer'>
        <a onfocus='this.blur();' onclick="document.getElementById('div_pt12.6').style.display = 'none' " >
           [x]</a>
        </div>
        <div class="result_detail"><pre>
        
pt12.6: Verify Timestamp sorting in format 'y/MM/dd HH:mm'
debug: switch back to default
debug: switch to frame mainFrame
debug: switch to frame mainFrame


        </pre></div>
    </div>
    <!--css div popup end-->

    </td>
</tr>

<tr id='pt12.7' class='hiddenRow'>
    <td class='none'><div class='testcase'>testMain_6_y_MM_dd_hh_mm_a: Verify Timestamp sorting in format 'y/MM/dd hh:mm a'</div></td>
    <td>00:04:35.104</td>
    <td colspan='5' align='center'>

    <!--css div popup start-->
    <a class="popup_link" onfocus='this.blur();' href="javascript:showTestDetail('div_pt12.7')" >
        pass</a>

    <div id='div_pt12.7' class="popup_window">
        <div style='text-align: right; color:red;cursor:pointer'>
        <a onfocus='this.blur();' onclick="document.getElementById('div_pt12.7').style.display = 'none' " >
           [x]</a>
        </div>
        <div class="result_detail"><pre>
        
pt12.7: Verify Timestamp sorting in format 'y/MM/dd hh:mm a'
debug: switch back to default
debug: switch to frame mainFrame
debug: switch to frame mainFrame


        </pre></div>
    </div>
    <!--css div popup end-->

    </td>
</tr>

<tr id='pt12.8' class='hiddenRow'>
    <td class='none'><div class='testcase'>testMain_7_dd_MMMM_y_HH_mm: Verify Timestamp sorting in format 'dd MMMM y HH:mm'</div></td>
    <td>00:06:25.761</td>
    <td colspan='5' align='center'>

    <!--css div popup start-->
    <a class="popup_link" onfocus='this.blur();' href="javascript:showTestDetail('div_pt12.8')" >
        pass</a>

    <div id='div_pt12.8' class="popup_window">
        <div style='text-align: right; color:red;cursor:pointer'>
        <a onfocus='this.blur();' onclick="document.getElementById('div_pt12.8').style.display = 'none' " >
           [x]</a>
        </div>
        <div class="result_detail"><pre>
        
pt12.8: Verify Timestamp sorting in format 'dd MMMM y HH:mm'
debug: switch back to default
debug: switch to frame mainFrame
debug: switch to frame mainFrame


        </pre></div>
    </div>
    <!--css div popup end-->

    </td>
</tr>

<tr id='pt12.9' class='hiddenRow'>
    <td class='none'><div class='testcase'>testMain_8_dd_MM_y_HH_mm: Verify Timestamp sorting in format 'dd MM y HH:mm'</div></td>
    <td>00:04:45.331</td>
    <td colspan='5' align='center'>

    <!--css div popup start-->
    <a class="popup_link" onfocus='this.blur();' href="javascript:showTestDetail('div_pt12.9')" >
        pass</a>

    <div id='div_pt12.9' class="popup_window">
        <div style='text-align: right; color:red;cursor:pointer'>
        <a onfocus='this.blur();' onclick="document.getElementById('div_pt12.9').style.display = 'none' " >
           [x]</a>
        </div>
        <div class="result_detail"><pre>
        
pt12.9: Verify Timestamp sorting in format 'dd MM y HH:mm'
debug: switch back to default
debug: switch to frame mainFrame
debug: switch to frame mainFrame


        </pre></div>
    </div>
    <!--css div popup end-->

    </td>
</tr>

<tr id='pt12.10' class='hiddenRow'>
    <td class='none'><div class='testcase'>testMain_9_dd_MM_y_HH_mm: Verify Timestamp sorting in format 'dd.MM.y HH:mm'</div></td>
    <td>00:04:34.013</td>
    <td colspan='5' align='center'>

    <!--css div popup start-->
    <a class="popup_link" onfocus='this.blur();' href="javascript:showTestDetail('div_pt12.10')" >
        pass</a>

    <div id='div_pt12.10' class="popup_window">
        <div style='text-align: right; color:red;cursor:pointer'>
        <a onfocus='this.blur();' onclick="document.getElementById('div_pt12.10').style.display = 'none' " >
           [x]</a>
        </div>
        <div class="result_detail"><pre>
        
pt12.10: Verify Timestamp sorting in format 'dd.MM.y HH:mm'
debug: switch back to default
debug: switch to frame mainFrame
debug: switch to frame mainFrame


        </pre></div>
    </div>
    <!--css div popup end-->

    </td>
</tr>

<tr id='total_row'>
    <td>Total</td>
    <td>07:58:43.006</td>
    <td>64</td>
    <td>38</td>
    <td>1</td>
    <td>25</td>
    <td>&nbsp;</td>
</tr>
</table>

<div id='ending'>&nbsp;</div>

</body>
</html>
