<?xml version="1.0" encoding="UTF-8"?>
<!DOCTYPE html PUBLIC "-//W3C//DTD XHTML 1.0 Strict//EN" "http://www.w3.org/TR/xhtml1/DTD/xhtml1-strict.dtd">
<html xmlns="http://www.w3.org/1999/xhtml">
<head>
    <title>enteliWEB Reporting Sanity Test Report</title>
    <meta name="generator" content="HTMLTestRunner 0.8.2"/>
    <meta http-equiv="Content-Type" content="text/html; charset=UTF-8"/>
    
<style type="text/css" media="screen">
body        { font-family: verdana, arial, helvetica, sans-serif; font-size: 80%; }
table       { font-size: 100%; }
pre         { }

/* -- heading ---------------------------------------------------------------------- */
h1 {
	font-size: 16pt;
	color: gray;
}
.heading {
    margin-top: 0ex;
    margin-bottom: 1ex;
}

.heading .attribute {
    margin-top: 1ex;
    margin-bottom: 0;
}

.heading .description {
    margin-top: 4ex;
    margin-bottom: 6ex;
}

/* -- css div popup ------------------------------------------------------------------------ */
a.popup_link {
}

a.popup_link:hover {
    color: red;
}

.popup_window {
    display: none;
    position: relative;
    left: 0px;
    top: 0px;
    /*border: solid #627173 1px; */
    padding: 10px;
    background-color: #E6E6D6;
    font-family: "Lucida Console", "Courier New", Courier, monospace;
    text-align: left;
    font-size: 8pt;
    width: 500px;
}

.result_detail {
    width: 500px;
    overflow: auto;
}
/* -- report ------------------------------------------------------------------------ */
#show_detail_line {
    margin-top: 3ex;
    margin-bottom: 1ex;
}
#result_table {
    width: 80%;
    border-collapse: collapse;
    border: 1px solid #777;
}
#header_row {
    font-weight: bold;
    color: white;
    background-color: #777;
}
#result_table td {
    border: 1px solid #777;
    padding: 2px;
}
#total_row  { font-weight: bold; }
.passClass  { background-color: #6c6; }
.failClass  { background-color: #c60; }
.errorClass { background-color: #c00; }
.passCase   { color: #6c6; }
.failCase   { color: #c60; font-weight: bold; }
.errorCase  { color: #c00; font-weight: bold; }
.hiddenRow  { display: none; }
.testcase   { margin-left: 2em; }


/* -- ending ---------------------------------------------------------------------- */
#ending {
}

</style>

</head>
<body>
<script language="javascript" type="text/javascript"><!--
output_list = Array();

/* level - 0:Summary; 1:Failed; 2:All */
function showCase(level) {
    trs = document.getElementsByTagName("tr");
    for (var i = 0; i < trs.length; i++) {
        tr = trs[i];
        id = tr.id;
        if (id.substr(0,2) == 'ft') {
            if (level < 1) {
                tr.className = 'hiddenRow';
            }
            else {
                tr.className = '';
            }
        }
        if (id.substr(0,2) == 'pt') {
            if (level > 1) {
                tr.className = '';
            }
            else {
                tr.className = 'hiddenRow';
            }
        }
    }
}


function showClassDetail(cid, count) {
    var id_list = Array(count);
    var toHide = 1;
    for (var i = 0; i < count; i++) {
        tid0 = 't' + cid.substr(1) + '.' + (i+1);
        tid = 'f' + tid0;
        tr = document.getElementById(tid);
        if (!tr) {
            tid = 'p' + tid0;
            tr = document.getElementById(tid);
        }
        id_list[i] = tid;
        if (tr.className) {
            toHide = 0;
        }
    }
    for (var i = 0; i < count; i++) {
        tid = id_list[i];
        if (toHide) {
            document.getElementById('div_'+tid).style.display = 'none'
            document.getElementById(tid).className = 'hiddenRow';
        }
        else {
            document.getElementById(tid).className = '';
        }
    }
}


function showTestDetail(div_id){
    var details_div = document.getElementById(div_id)
    var displayState = details_div.style.display
    // alert(displayState)
    if (displayState != 'block' ) {
        displayState = 'block'
        details_div.style.display = 'block'
    }
    else {
        details_div.style.display = 'none'
    }
}


function html_escape(s) {
    s = s.replace(/&/g,'&amp;');
    s = s.replace(/</g,'&lt;');
    s = s.replace(/>/g,'&gt;');
    return s;
}

/* obsoleted by detail in <div>
function showOutput(id, name) {
    var w = window.open("", //url
                    name,
                    "resizable,scrollbars,status,width=800,height=450");
    d = w.document;
    d.write("<pre>");
    d.write(html_escape(output_list[id]));
    d.write("\n");
    d.write("<a href='javascript:window.close()'>close</a>\n");
    d.write("</pre>\n");
    d.close();
}
*/
--></script>

<div class='heading'>
<h1>enteliWEB Reporting Sanity Test Report</h1>
<p class='attribute'><strong>Start Time:</strong> 2017-05-15 13:52:05</p>
<p class='attribute'><strong>Duration:</strong> 02:30:28.920</p>
<p class='attribute'><strong>Status:</strong> Pass 18 Failure 15 Error 1</p>

<p class='description'>Test against eweb4.5.103 on Windows 2012 Server (host: win-0lr5jb1f7u0.network.com).</p>
</div>



<p id='show_detail_line'>Show
<a href='javascript:showCase(0)'>Summary</a>
<a href='javascript:showCase(1)'>Failed</a>
<a href='javascript:showCase(2)'>All</a>
</p>
<table id='result_table'>
<colgroup>
<col align='left' />
<col align='right' />
<col align='right' />
<col align='right' />
<col align='right' />
<col align='right' />
<col align='right' />
</colgroup>
<tr id='header_row'>
    <td>Test Group/Test case</td>
    <td>Time</td>
    <td>Count</td>
    <td>Pass</td>
    <td>Fail</td>
    <td>Error</td>
    <td>View</td>
</tr>

<tr class='passClass'>
    <td>tests.BAS_Reports.Sanity_Test.Calibration.Calibration_Report.TestCase</td>
    <td>00:01:37.692</td>
    <td>1</td>
    <td>1</td>
    <td>0</td>
    <td>0</td>
    <td><a href="javascript:showClassDetail('c1',1)">Detail</a></td>
</tr>

<tr id='pt1.1' class='hiddenRow'>
    <td class='none'><div class='testcase'>testMain_1: Verify report data returned for filter: Default settings test</div></td>
    <td>00:01:37.692</td>
    <td colspan='5' align='center'>

    <!--css div popup start-->
    <a class="popup_link" onfocus='this.blur();' href="javascript:showTestDetail('div_pt1.1')" >
        pass</a>

    <div id='div_pt1.1' class="popup_window">
        <div style='text-align: right; color:red;cursor:pointer'>
        <a onfocus='this.blur();' onclick="document.getElementById('div_pt1.1').style.display = 'none' " >
           [x]</a>
        </div>
        <div class="result_detail"><pre>
        
pt1.1: debug: switch back to default
debug: switch back to default
debug: switch back to default
XTree._getTreeNode(): tree node 'Building Automation\Calibration\Sanity Test Calibration Report' was not found.
XTree._getTreeNode(): tree node 'Building Automation\Calibration\Sanity Test Calibration Report' was not found.
XTree._getTreeNode(): tree node 'Building Automation\Calibration\Sanity Test Calibration Report' was not found.
debug: switch back to default
debug: switch to frame mainFrame
debug: switch back to default
debug: switch to frame mainFrame


        </pre></div>
    </div>
    <!--css div popup end-->

    </td>
</tr>

<tr class='failClass'>
    <td>tests.BAS_Reports.Sanity_Test.Commissioning_Sheets.Commissioning_Sheets_Report.TestCase</td>
    <td>00:07:02.433</td>
    <td>1</td>
    <td>0</td>
    <td>1</td>
    <td>0</td>
    <td><a href="javascript:showClassDetail('c2',1)">Detail</a></td>
</tr>

<tr id='ft2.1' class='none'>
    <td class='failCase'><div class='testcase'>testMain_1: Verify report data returned for filter: Default settings test</div></td>
    <td>00:07:02.433</td>
    <td colspan='5' align='center'>

    <!--css div popup start-->
    <a class="popup_link" onfocus='this.blur();' href="javascript:showTestDetail('div_ft2.1')" >
        fail</a>

    <div id='div_ft2.1' class="popup_window">
        <div style='text-align: right; color:red;cursor:pointer'>
        <a onfocus='this.blur();' onclick="document.getElementById('div_ft2.1').style.display = 'none' " >
           [x]</a>
        </div>
        <div class="result_detail"><pre>
        
ft2.1: debug: switch back to default
debug: switch back to default
debug: switch back to default
XTree._getTreeNode(): tree node 'Building Automation\Commissioning Sheets\Sanity Test Commissioning Sheets Report' was not found.
XTree._getTreeNode(): tree node 'Building Automation\Commissioning Sheets\Sanity Test Commissioning Sheets Report' was not found.
XTree._getTreeNode(): tree node 'Building Automation\Commissioning Sheets\Sanity Test Commissioning Sheets Report' was not found.
debug: switch back to default
debug: switch to frame mainFrame
debug: switch back to default
debug: switch to frame mainFrame
AssertionError: False is not true : 
Element counts were not equal:
First has 1, Second has 0:  u'Testing Controller ~!@#$%^&amp;*&lt;&gt;()_+{}|:" (1200)' : Verify the accuracy of grouping label failed

u'eBCON' != '' : Verify device '1200' Model Name failed

u'test location' != 'test      location' : Verify device '1300' Location failed


        </pre></div>
    </div>
    <!--css div popup end-->

    </td>
</tr>

<tr class='passClass'>
    <td>tests.BAS_Reports.Sanity_Test.Decommissioned_Fault.Decommissioned_Fault_Report.TestCase</td>
    <td>00:02:37.304</td>
    <td>1</td>
    <td>1</td>
    <td>0</td>
    <td>0</td>
    <td><a href="javascript:showClassDetail('c3',1)">Detail</a></td>
</tr>

<tr id='pt3.1' class='hiddenRow'>
    <td class='none'><div class='testcase'>testMain_1: Verify report data returned for filter: Default settings test</div></td>
    <td>00:02:37.304</td>
    <td colspan='5' align='center'>

    <!--css div popup start-->
    <a class="popup_link" onfocus='this.blur();' href="javascript:showTestDetail('div_pt3.1')" >
        pass</a>

    <div id='div_pt3.1' class="popup_window">
        <div style='text-align: right; color:red;cursor:pointer'>
        <a onfocus='this.blur();' onclick="document.getElementById('div_pt3.1').style.display = 'none' " >
           [x]</a>
        </div>
        <div class="result_detail"><pre>
        
pt3.1: debug: switch back to default
debug: switch back to default
debug: switch back to default
XTree._getTreeNode(): tree node 'Building Automation\Decommissioned and Fault\Sanity Test Decommissioned and Fault Report' was not found.
XTree._getTreeNode(): tree node 'Building Automation\Decommissioned and Fault\Sanity Test Decommissioned and Fault Report' was not found.
XTree._getTreeNode(): tree node 'Building Automation\Decommissioned and Fault\Sanity Test Decommissioned and Fault Report' was not found.
debug: switch back to default
debug: switch to frame mainFrame
debug: switch back to default
debug: switch to frame mainFrame


        </pre></div>
    </div>
    <!--css div popup end-->

    </td>
</tr>

<tr class='passClass'>
    <td>tests.BAS_Reports.Sanity_Test.Input_Points_List.Input_Points__List_Report.TestCase</td>
    <td>00:01:27.071</td>
    <td>1</td>
    <td>1</td>
    <td>0</td>
    <td>0</td>
    <td><a href="javascript:showClassDetail('c4',1)">Detail</a></td>
</tr>

<tr id='pt4.1' class='hiddenRow'>
    <td class='none'><div class='testcase'>testMain_1: Verify report data returned for filter: Default settings test</div></td>
    <td>00:01:27.071</td>
    <td colspan='5' align='center'>

    <!--css div popup start-->
    <a class="popup_link" onfocus='this.blur();' href="javascript:showTestDetail('div_pt4.1')" >
        pass</a>

    <div id='div_pt4.1' class="popup_window">
        <div style='text-align: right; color:red;cursor:pointer'>
        <a onfocus='this.blur();' onclick="document.getElementById('div_pt4.1').style.display = 'none' " >
           [x]</a>
        </div>
        <div class="result_detail"><pre>
        
pt4.1: debug: switch back to default
debug: switch back to default
debug: switch back to default
XTree._getTreeNode(): tree node 'Building Automation\Input Points List\Sanity Test Input Points List Report' was not found.
XTree._getTreeNode(): tree node 'Building Automation\Input Points List\Sanity Test Input Points List Report' was not found.
XTree._getTreeNode(): tree node 'Building Automation\Input Points List\Sanity Test Input Points List Report' was not found.
debug: switch back to default
debug: switch to frame mainFrame
debug: switch back to default
debug: switch to frame mainFrame


        </pre></div>
    </div>
    <!--css div popup end-->

    </td>
</tr>

<tr class='failClass'>
    <td>tests.BAS_Reports.Sanity_Test.Objects_In_Manual.Objects_In_Manual_Report.TestCase</td>
    <td>00:57:33.940</td>
    <td>2</td>
    <td>1</td>
    <td>1</td>
    <td>0</td>
    <td><a href="javascript:showClassDetail('c5',2)">Detail</a></td>
</tr>

<tr id='pt5.1' class='hiddenRow'>
    <td class='none'><div class='testcase'>testMain_1: Verify report data returned for filter: Default settings test</div></td>
    <td>00:42:08.098</td>
    <td colspan='5' align='center'>

    <!--css div popup start-->
    <a class="popup_link" onfocus='this.blur();' href="javascript:showTestDetail('div_pt5.1')" >
        pass</a>

    <div id='div_pt5.1' class="popup_window">
        <div style='text-align: right; color:red;cursor:pointer'>
        <a onfocus='this.blur();' onclick="document.getElementById('div_pt5.1').style.display = 'none' " >
           [x]</a>
        </div>
        <div class="result_detail"><pre>
        
pt5.1: debug: switch back to default
debug: switch back to default
debug: switch back to default
XTree._getTreeNode(): tree node 'Building Automation\Objects In Manual\Sanity Test Objects In Manual Report' was not found.
XTree._getTreeNode(): tree node 'Building Automation\Objects In Manual\Sanity Test Objects In Manual Report' was not found.
XTree._getTreeNode(): tree node 'Building Automation\Objects In Manual\Sanity Test Objects In Manual Report' was not found.
debug: switch back to default
debug: switch to frame mainFrame
debug: switch back to default
debug: switch to frame mainFrame


        </pre></div>
    </div>
    <!--css div popup end-->

    </td>
</tr>

<tr id='ft5.2' class='none'>
    <td class='failCase'><div class='testcase'>testMain_2: Verify report data returned for filter: Object type and instance range settings test</div></td>
    <td>00:15:25.842</td>
    <td colspan='5' align='center'>

    <!--css div popup start-->
    <a class="popup_link" onfocus='this.blur();' href="javascript:showTestDetail('div_ft5.2')" >
        fail</a>

    <div id='div_ft5.2' class="popup_window">
        <div style='text-align: right; color:red;cursor:pointer'>
        <a onfocus='this.blur();' onclick="document.getElementById('div_ft5.2').style.display = 'none' " >
           [x]</a>
        </div>
        <div class="result_detail"><pre>
        
ft5.2: debug: switch back to default
debug: switch back to default
debug: switch back to default
debug: switch back to default
debug: switch to frame mainFrame
debug: switch back to default
debug: switch to frame mainFrame
AssertionError: False is not true : 
Element counts were not equal:
First has 1, Second has 0:  u'4001.AO1'
First has 1, Second has 0:  u'4001.AV16' : Verify the accuracy of returned object references for group 'BACnetIO (4001)' failed


        </pre></div>
    </div>
    <!--css div popup end-->

    </td>
</tr>

<tr class='passClass'>
    <td>tests.BAS_Reports.Sanity_Test.Output_Points_List.Output_Points__List_Report.TestCase</td>
    <td>00:01:47.301</td>
    <td>1</td>
    <td>1</td>
    <td>0</td>
    <td>0</td>
    <td><a href="javascript:showClassDetail('c6',1)">Detail</a></td>
</tr>

<tr id='pt6.1' class='hiddenRow'>
    <td class='none'><div class='testcase'>testMain_1: Verify report data returned for filter: Default settings test</div></td>
    <td>00:01:47.301</td>
    <td colspan='5' align='center'>

    <!--css div popup start-->
    <a class="popup_link" onfocus='this.blur();' href="javascript:showTestDetail('div_pt6.1')" >
        pass</a>

    <div id='div_pt6.1' class="popup_window">
        <div style='text-align: right; color:red;cursor:pointer'>
        <a onfocus='this.blur();' onclick="document.getElementById('div_pt6.1').style.display = 'none' " >
           [x]</a>
        </div>
        <div class="result_detail"><pre>
        
pt6.1: debug: switch back to default
debug: switch back to default
debug: switch back to default
XTree._getTreeNode(): tree node 'Building Automation\Output Points List\Sanity Test Output Points List Report' was not found.
XTree._getTreeNode(): tree node 'Building Automation\Output Points List\Sanity Test Output Points List Report' was not found.
XTree._getTreeNode(): tree node 'Building Automation\Output Points List\Sanity Test Output Points List Report' was not found.
debug: switch back to default
debug: switch to frame mainFrame
debug: switch back to default
debug: switch to frame mainFrame


        </pre></div>
    </div>
    <!--css div popup end-->

    </td>
</tr>

<tr class='passClass'>
    <td>tests.BAS_Reports.Sanity_Test.Object_Query.Active_Alarms_Report.ActiveAlarmsReport</td>
    <td>00:02:08.703</td>
    <td>1</td>
    <td>1</td>
    <td>0</td>
    <td>0</td>
    <td><a href="javascript:showClassDetail('c7',1)">Detail</a></td>
</tr>

<tr id='pt7.1' class='hiddenRow'>
    <td class='none'><div class='testcase'>testMain_1: Verify report data returned for filter: Sanity Test Active Alarms Report1</div></td>
    <td>00:02:08.703</td>
    <td colspan='5' align='center'>

    <!--css div popup start-->
    <a class="popup_link" onfocus='this.blur();' href="javascript:showTestDetail('div_pt7.1')" >
        pass</a>

    <div id='div_pt7.1' class="popup_window">
        <div style='text-align: right; color:red;cursor:pointer'>
        <a onfocus='this.blur();' onclick="document.getElementById('div_pt7.1').style.display = 'none' " >
           [x]</a>
        </div>
        <div class="result_detail"><pre>
        
pt7.1: debug: switch back to default
debug: switch back to default
debug: switch back to default
XTree._getTreeNode(): tree node 'Building Automation\Object Query\Sanity Test Active Alarms Report1' was not found.
XTree._getTreeNode(): tree node 'Building Automation\Object Query\Sanity Test Active Alarms Report1' was not found.
XTree._getTreeNode(): tree node 'Building Automation\Object Query\Sanity Test Active Alarms Report1' was not found.
debug: switch back to default
debug: switch to frame mainFrame
debug: switch back to default
debug: switch to frame mainFrame


        </pre></div>
    </div>
    <!--css div popup end-->

    </td>
</tr>

<tr class='passClass'>
    <td>tests.BAS_Reports.Sanity_Test.Object_Query.AdHoc_Calibration_Report.AdHocCalibrationReport</td>
    <td>00:02:14.253</td>
    <td>1</td>
    <td>1</td>
    <td>0</td>
    <td>0</td>
    <td><a href="javascript:showClassDetail('c8',1)">Detail</a></td>
</tr>

<tr id='pt8.1' class='hiddenRow'>
    <td class='none'><div class='testcase'>testMain_1: Verify report data returned for filter: Sanity Test AdHoc Calibration Report</div></td>
    <td>00:02:14.253</td>
    <td colspan='5' align='center'>

    <!--css div popup start-->
    <a class="popup_link" onfocus='this.blur();' href="javascript:showTestDetail('div_pt8.1')" >
        pass</a>

    <div id='div_pt8.1' class="popup_window">
        <div style='text-align: right; color:red;cursor:pointer'>
        <a onfocus='this.blur();' onclick="document.getElementById('div_pt8.1').style.display = 'none' " >
           [x]</a>
        </div>
        <div class="result_detail"><pre>
        
pt8.1: debug: switch back to default
debug: switch back to default
debug: switch back to default
XTree._getTreeNode(): tree node 'Building Automation\Object Query\Sanity Test AdHoc Calibration Report' was not found.
XTree._getTreeNode(): tree node 'Building Automation\Object Query\Sanity Test AdHoc Calibration Report' was not found.
XTree._getTreeNode(): tree node 'Building Automation\Object Query\Sanity Test AdHoc Calibration Report' was not found.
debug: switch back to default
debug: switch to frame mainFrame
debug: switch back to default
debug: switch to frame mainFrame


        </pre></div>
    </div>
    <!--css div popup end-->

    </td>
</tr>

<tr class='passClass'>
    <td>tests.BAS_Reports.Sanity_Test.Object_Query.AdHoc_Decommissioned_Fault_Report.AdHocDecommFaultReport</td>
    <td>00:02:50.239</td>
    <td>1</td>
    <td>1</td>
    <td>0</td>
    <td>0</td>
    <td><a href="javascript:showClassDetail('c9',1)">Detail</a></td>
</tr>

<tr id='pt9.1' class='hiddenRow'>
    <td class='none'><div class='testcase'>testMain_1: Verify report data returned for filter: Sanity Test Decommissioned - Fault Report1</div></td>
    <td>00:02:50.239</td>
    <td colspan='5' align='center'>

    <!--css div popup start-->
    <a class="popup_link" onfocus='this.blur();' href="javascript:showTestDetail('div_pt9.1')" >
        pass</a>

    <div id='div_pt9.1' class="popup_window">
        <div style='text-align: right; color:red;cursor:pointer'>
        <a onfocus='this.blur();' onclick="document.getElementById('div_pt9.1').style.display = 'none' " >
           [x]</a>
        </div>
        <div class="result_detail"><pre>
        
pt9.1: debug: switch back to default
debug: switch back to default
debug: switch back to default
XTree._getTreeNode(): tree node 'Building Automation\Object Query\Sanity Test Decommissioned - Fault Report1' was not found.
XTree._getTreeNode(): tree node 'Building Automation\Object Query\Sanity Test Decommissioned - Fault Report1' was not found.
XTree._getTreeNode(): tree node 'Building Automation\Object Query\Sanity Test Decommissioned - Fault Report1' was not found.
debug: switch back to default
debug: switch to frame mainFrame
debug: switch back to default
debug: switch to frame mainFrame


        </pre></div>
    </div>
    <!--css div popup end-->

    </td>
</tr>

<tr class='failClass'>
    <td>tests.BAS_Reports.Sanity_Test.Object_Query.Controller_Firmware_Report.ControllerFirmwareReport</td>
    <td>00:05:33.509</td>
    <td>1</td>
    <td>0</td>
    <td>1</td>
    <td>0</td>
    <td><a href="javascript:showClassDetail('c10',1)">Detail</a></td>
</tr>

<tr id='ft10.1' class='none'>
    <td class='failCase'><div class='testcase'>testMain_1: Verify report data returned for filter: Sanity Test Controller Firmware Report1</div></td>
    <td>00:05:33.509</td>
    <td colspan='5' align='center'>

    <!--css div popup start-->
    <a class="popup_link" onfocus='this.blur();' href="javascript:showTestDetail('div_ft10.1')" >
        fail</a>

    <div id='div_ft10.1' class="popup_window">
        <div style='text-align: right; color:red;cursor:pointer'>
        <a onfocus='this.blur();' onclick="document.getElementById('div_ft10.1').style.display = 'none' " >
           [x]</a>
        </div>
        <div class="result_detail"><pre>
        
ft10.1: debug: switch back to default
debug: switch back to default
debug: switch back to default
XTree._getTreeNode(): tree node 'Building Automation\Object Query\Sanity Test Controller Firmware Report1' was not found.
XTree._getTreeNode(): tree node 'Building Automation\Object Query\Sanity Test Controller Firmware Report1' was not found.
XTree._getTreeNode(): tree node 'Building Automation\Object Query\Sanity Test Controller Firmware Report1' was not found.
debug: switch back to default
debug: switch to frame mainFrame
debug: switch back to default
debug: switch to frame mainFrame
AssertionError: False is not true : 
u'3.4' != '3.40' : Verify returned data 'Firmware' for device 1300 failed

u'29' != '0029' : Verify returned data 'Build' for device 4001 failed

u'32' != '0032' : Verify returned data 'Build' for device 4002 failed

u'3.4' != '3.40' : Verify returned data 'Firmware' for device 6000 failed

u'3.4' != '3.40' : Verify returned data 'Firmware' for device 6100 failed


        </pre></div>
    </div>
    <!--css div popup end-->

    </td>
</tr>

<tr class='failClass'>
    <td>tests.BAS_Reports.Sanity_Test.Object_Query.Data_Exchange_Settings_Report.DataExchangeSettingsReport</td>
    <td>00:04:50.096</td>
    <td>1</td>
    <td>0</td>
    <td>1</td>
    <td>0</td>
    <td><a href="javascript:showClassDetail('c11',1)">Detail</a></td>
</tr>

<tr id='ft11.1' class='none'>
    <td class='failCase'><div class='testcase'>testMain_1: Verify report data returned for filter: Sanity Test Data Exchange Settings Report1</div></td>
    <td>00:04:50.096</td>
    <td colspan='5' align='center'>

    <!--css div popup start-->
    <a class="popup_link" onfocus='this.blur();' href="javascript:showTestDetail('div_ft11.1')" >
        fail</a>

    <div id='div_ft11.1' class="popup_window">
        <div style='text-align: right; color:red;cursor:pointer'>
        <a onfocus='this.blur();' onclick="document.getElementById('div_ft11.1').style.display = 'none' " >
           [x]</a>
        </div>
        <div class="result_detail"><pre>
        
ft11.1: debug: switch back to default
debug: switch back to default
debug: switch back to default
XTree._getTreeNode(): tree node 'Building Automation\Object Query\Sanity Test Data Exchange Settings Report1' was not found.
XTree._getTreeNode(): tree node 'Building Automation\Object Query\Sanity Test Data Exchange Settings Report1' was not found.
XTree._getTreeNode(): tree node 'Building Automation\Object Query\Sanity Test Data Exchange Settings Report1' was not found.
debug: switch back to default
debug: switch to frame mainFrame
debug: switch back to default
debug: switch to frame mainFrame
AssertionError: False is not true : 
Element counts were not equal:
First has 1, Second has 0:  u'7314' : Verify the accuracy of returned devices failed

u'30' != '' : Verify returned data 'Broadcast Interval(s)' for device 7314 failed

u'65535' != '' : Verify returned data 'Broadcast Destination' for device 7314 failed

u'optimized-broadcast' != '' : Verify returned data 'Default Type' for device 7314 failed


        </pre></div>
    </div>
    <!--css div popup end-->

    </td>
</tr>

<tr class='passClass'>
    <td>tests.BAS_Reports.Sanity_Test.Object_Query.DER_Failure_Report.DERFailureReport</td>
    <td>00:02:46.767</td>
    <td>1</td>
    <td>1</td>
    <td>0</td>
    <td>0</td>
    <td><a href="javascript:showClassDetail('c12',1)">Detail</a></td>
</tr>

<tr id='pt12.1' class='hiddenRow'>
    <td class='none'><div class='testcase'>testMain_1: Verify report data returned for filter: Sanity Test DER Failure Report</div></td>
    <td>00:02:46.767</td>
    <td colspan='5' align='center'>

    <!--css div popup start-->
    <a class="popup_link" onfocus='this.blur();' href="javascript:showTestDetail('div_pt12.1')" >
        pass</a>

    <div id='div_pt12.1' class="popup_window">
        <div style='text-align: right; color:red;cursor:pointer'>
        <a onfocus='this.blur();' onclick="document.getElementById('div_pt12.1').style.display = 'none' " >
           [x]</a>
        </div>
        <div class="result_detail"><pre>
        
pt12.1: debug: switch back to default
debug: switch back to default
debug: switch back to default
XTree._getTreeNode(): tree node 'Building Automation\Object Query\Sanity Test DER Failure Report' was not found.
XTree._getTreeNode(): tree node 'Building Automation\Object Query\Sanity Test DER Failure Report' was not found.
XTree._getTreeNode(): tree node 'Building Automation\Object Query\Sanity Test DER Failure Report' was not found.
debug: switch back to default
debug: switch to frame mainFrame
debug: switch back to default
debug: switch to frame mainFrame


        </pre></div>
    </div>
    <!--css div popup end-->

    </td>
</tr>

<tr class='failClass'>
    <td>tests.BAS_Reports.Sanity_Test.Object_Query.Network_Number_Report.NetworkNumberReport</td>
    <td>00:03:07.324</td>
    <td>1</td>
    <td>0</td>
    <td>1</td>
    <td>0</td>
    <td><a href="javascript:showClassDetail('c13',1)">Detail</a></td>
</tr>

<tr id='ft13.1' class='none'>
    <td class='failCase'><div class='testcase'>testMain_1: Verify report data returned for filter: Sanity Test Network Number Report</div></td>
    <td>00:03:07.324</td>
    <td colspan='5' align='center'>

    <!--css div popup start-->
    <a class="popup_link" onfocus='this.blur();' href="javascript:showTestDetail('div_ft13.1')" >
        fail</a>

    <div id='div_ft13.1' class="popup_window">
        <div style='text-align: right; color:red;cursor:pointer'>
        <a onfocus='this.blur();' onclick="document.getElementById('div_ft13.1').style.display = 'none' " >
           [x]</a>
        </div>
        <div class="result_detail"><pre>
        
ft13.1: debug: switch back to default
debug: switch back to default
debug: switch back to default
XTree._getTreeNode(): tree node 'Building Automation\Object Query\Sanity Test Network Number Report' was not found.
XTree._getTreeNode(): tree node 'Building Automation\Object Query\Sanity Test Network Number Report' was not found.
XTree._getTreeNode(): tree node 'Building Automation\Object Query\Sanity Test Network Number Report' was not found.
debug: switch back to default
debug: switch to frame mainFrame
debug: switch back to default
debug: switch to frame mainFrame
AssertionError: False is not true : 
Element counts were not equal:
First has 1, Second has 0:  u'3000' : Verify the accuracy of returned devices failed


        </pre></div>
    </div>
    <!--css div popup end-->

    </td>
</tr>

<tr class='failClass'>
    <td>tests.BAS_Reports.Sanity_Test.Complex_Property_Test.Array_Property.TestCase</td>
    <td>00:04:20.471</td>
    <td>1</td>
    <td>0</td>
    <td>1</td>
    <td>0</td>
    <td><a href="javascript:showClassDetail('c14',1)">Detail</a></td>
</tr>

<tr id='ft14.1' class='none'>
    <td class='failCase'><div class='testcase'>testMain_1: Verify report data returned for filter: Test Array.Property</div></td>
    <td>00:04:20.471</td>
    <td colspan='5' align='center'>

    <!--css div popup start-->
    <a class="popup_link" onfocus='this.blur();' href="javascript:showTestDetail('div_ft14.1')" >
        fail</a>

    <div id='div_ft14.1' class="popup_window">
        <div style='text-align: right; color:red;cursor:pointer'>
        <a onfocus='this.blur();' onclick="document.getElementById('div_ft14.1').style.display = 'none' " >
           [x]</a>
        </div>
        <div class="result_detail"><pre>
        
ft14.1: debug: switch back to default
debug: switch back to default
debug: switch back to default
XTree._getTreeNode(): tree node 'Building Automation\Object Query\Test Array.Property' was not found.
XTree._getTreeNode(): tree node 'Building Automation\Object Query\Test Array.Property' was not found.
XTree._getTreeNode(): tree node 'Building Automation\Object Query\Test Array.Property' was not found.
debug: switch back to default
debug: switch to frame mainFrame
debug: switch back to default
debug: switch to frame mainFrame
AssertionError: False is not true : 
Element counts were not equal:
First has 0, Second has 1:  'Router 2000 (2000)' : Verify the accuracy of grouping label failed


        </pre></div>
    </div>
    <!--css div popup end-->

    </td>
</tr>

<tr class='passClass'>
    <td>tests.BAS_Reports.Sanity_Test.Complex_Property_Test.Union_Property.TestCase</td>
    <td>00:02:30.419</td>
    <td>1</td>
    <td>1</td>
    <td>0</td>
    <td>0</td>
    <td><a href="javascript:showClassDetail('c15',1)">Detail</a></td>
</tr>

<tr id='pt15.1' class='hiddenRow'>
    <td class='none'><div class='testcase'>testMain_1: Verify report data returned for filter: Test Union.Property</div></td>
    <td>00:02:30.419</td>
    <td colspan='5' align='center'>

    <!--css div popup start-->
    <a class="popup_link" onfocus='this.blur();' href="javascript:showTestDetail('div_pt15.1')" >
        pass</a>

    <div id='div_pt15.1' class="popup_window">
        <div style='text-align: right; color:red;cursor:pointer'>
        <a onfocus='this.blur();' onclick="document.getElementById('div_pt15.1').style.display = 'none' " >
           [x]</a>
        </div>
        <div class="result_detail"><pre>
        
pt15.1: debug: switch back to default
debug: switch back to default
debug: switch back to default
XTree._getTreeNode(): tree node 'Building Automation\Object Query\Test Union.Property' was not found.
XTree._getTreeNode(): tree node 'Building Automation\Object Query\Test Union.Property' was not found.
XTree._getTreeNode(): tree node 'Building Automation\Object Query\Test Union.Property' was not found.
debug: switch back to default
debug: switch to frame mainFrame
debug: switch back to default
debug: switch to frame mainFrame


        </pre></div>
    </div>
    <!--css div popup end-->

    </td>
</tr>

<tr class='failClass'>
    <td>tests.BAS_Reports.Sanity_Test.Complex_Property_Test.Group_Property.TestCase</td>
    <td>00:07:28.002</td>
    <td>2</td>
    <td>1</td>
    <td>1</td>
    <td>0</td>
    <td><a href="javascript:showClassDetail('c16',2)">Detail</a></td>
</tr>

<tr id='pt16.1' class='hiddenRow'>
    <td class='none'><div class='testcase'>testMain_1: Verify report data returned for filter: Test NET.Statistics.packetsDropped</div></td>
    <td>00:03:40.159</td>
    <td colspan='5' align='center'>

    <!--css div popup start-->
    <a class="popup_link" onfocus='this.blur();' href="javascript:showTestDetail('div_pt16.1')" >
        pass</a>

    <div id='div_pt16.1' class="popup_window">
        <div style='text-align: right; color:red;cursor:pointer'>
        <a onfocus='this.blur();' onclick="document.getElementById('div_pt16.1').style.display = 'none' " >
           [x]</a>
        </div>
        <div class="result_detail"><pre>
        
pt16.1: debug: switch back to default
debug: switch back to default
debug: switch back to default
XTree._getTreeNode(): tree node 'Building Automation\Object Query\Test Group.Property' was not found.
XTree._getTreeNode(): tree node 'Building Automation\Object Query\Test Group.Property' was not found.
XTree._getTreeNode(): tree node 'Building Automation\Object Query\Test Group.Property' was not found.
debug: switch back to default
debug: switch to frame mainFrame
debug: switch back to default
debug: switch to frame mainFrame


        </pre></div>
    </div>
    <!--css div popup end-->

    </td>
</tr>

<tr id='ft16.2' class='none'>
    <td class='failCase'><div class='testcase'>testMain_2: Verify report data returned for filter: Test SCH.Effective_Period.startDate</div></td>
    <td>00:03:47.843</td>
    <td colspan='5' align='center'>

    <!--css div popup start-->
    <a class="popup_link" onfocus='this.blur();' href="javascript:showTestDetail('div_ft16.2')" >
        fail</a>

    <div id='div_ft16.2' class="popup_window">
        <div style='text-align: right; color:red;cursor:pointer'>
        <a onfocus='this.blur();' onclick="document.getElementById('div_ft16.2').style.display = 'none' " >
           [x]</a>
        </div>
        <div class="result_detail"><pre>
        
ft16.2: debug: switch back to default
debug: switch back to default
debug: switch back to default
debug: switch back to default
debug: switch to frame mainFrame
debug: switch back to default
debug: switch to frame mainFrame
AssertionError: False is not true : 
Element counts were not equal:
First has 0, Second has 1:  ' (2000)' : Verify the accuracy of grouping label failed


        </pre></div>
    </div>
    <!--css div popup end-->

    </td>
</tr>

<tr class='failClass'>
    <td>tests.BAS_Reports.Sanity_Test.Complex_Property_Test.Union_Group_Property.TestCase</td>
    <td>00:08:10.755</td>
    <td>2</td>
    <td>1</td>
    <td>1</td>
    <td>0</td>
    <td><a href="javascript:showClassDetail('c17',2)">Detail</a></td>
</tr>

<tr id='ft17.1' class='none'>
    <td class='failCase'><div class='testcase'>testMain_1: Verify report data returned for filter: Test DEV.Daylight_Savings_Start.weekNDay.dayOfWeek</div></td>
    <td>00:04:58.316</td>
    <td colspan='5' align='center'>

    <!--css div popup start-->
    <a class="popup_link" onfocus='this.blur();' href="javascript:showTestDetail('div_ft17.1')" >
        fail</a>

    <div id='div_ft17.1' class="popup_window">
        <div style='text-align: right; color:red;cursor:pointer'>
        <a onfocus='this.blur();' onclick="document.getElementById('div_ft17.1').style.display = 'none' " >
           [x]</a>
        </div>
        <div class="result_detail"><pre>
        
ft17.1: debug: switch back to default
debug: switch back to default
debug: switch back to default
XTree._getTreeNode(): tree node 'Building Automation\Object Query\Test Union.Group.Property' was not found.
XTree._getTreeNode(): tree node 'Building Automation\Object Query\Test Union.Group.Property' was not found.
XTree._getTreeNode(): tree node 'Building Automation\Object Query\Test Union.Group.Property' was not found.
debug: switch back to default
debug: switch to frame mainFrame
debug: switch back to default
debug: switch to frame mainFrame
AssertionError: False is not true : 
Element counts were not equal:
First has 1, Second has 0:  u'enteliTOUCH Device 1300 (1300)' : Verify the accuracy of grouping label failed

u'sunday' != '' : Verify returned data 'Daylight_Savings_Start.weekNDay.dayOfWeek' for DEV1300 under enteliTOUCH Device 1300 (1300) failed


        </pre></div>
    </div>
    <!--css div popup end-->

    </td>
</tr>

<tr id='pt17.2' class='hiddenRow'>
    <td class='none'><div class='testcase'>testMain_2: Verify report data returned for filter: Test EV.Event_Parameters.out-of-range.time-delay</div></td>
    <td>00:03:12.439</td>
    <td colspan='5' align='center'>

    <!--css div popup start-->
    <a class="popup_link" onfocus='this.blur();' href="javascript:showTestDetail('div_pt17.2')" >
        pass</a>

    <div id='div_pt17.2' class="popup_window">
        <div style='text-align: right; color:red;cursor:pointer'>
        <a onfocus='this.blur();' onclick="document.getElementById('div_pt17.2').style.display = 'none' " >
           [x]</a>
        </div>
        <div class="result_detail"><pre>
        
pt17.2: debug: switch back to default
debug: switch back to default
debug: switch back to default
debug: switch back to default
debug: switch to frame mainFrame
debug: switch back to default
debug: switch to frame mainFrame


        </pre></div>
    </div>
    <!--css div popup end-->

    </td>
</tr>

<tr class='passClass'>
    <td>tests.BAS_Reports.Sanity_Test.Complex_Property_Test.Union_Group_Union_Property.TestCase</td>
    <td>00:02:59.730</td>
    <td>1</td>
    <td>1</td>
    <td>0</td>
    <td>0</td>
    <td><a href="javascript:showClassDetail('c18',1)">Detail</a></td>
</tr>

<tr id='pt18.1' class='hiddenRow'>
    <td class='none'><div class='testcase'>testMain_1: Verify report data returned for filter: EV.Context.change-of-state.previousValue.binary-value</div></td>
    <td>00:02:59.730</td>
    <td colspan='5' align='center'>

    <!--css div popup start-->
    <a class="popup_link" onfocus='this.blur();' href="javascript:showTestDetail('div_pt18.1')" >
        pass</a>

    <div id='div_pt18.1' class="popup_window">
        <div style='text-align: right; color:red;cursor:pointer'>
        <a onfocus='this.blur();' onclick="document.getElementById('div_pt18.1').style.display = 'none' " >
           [x]</a>
        </div>
        <div class="result_detail"><pre>
        
pt18.1: debug: switch back to default
debug: switch back to default
debug: switch back to default
XTree._getTreeNode(): tree node 'Building Automation\Object Query\Test Union.Group.Union.Property' was not found.
XTree._getTreeNode(): tree node 'Building Automation\Object Query\Test Union.Group.Union.Property' was not found.
XTree._getTreeNode(): tree node 'Building Automation\Object Query\Test Union.Group.Union.Property' was not found.
debug: switch back to default
debug: switch to frame mainFrame
debug: switch back to default
debug: switch to frame mainFrame


        </pre></div>
    </div>
    <!--css div popup end-->

    </td>
</tr>

<tr class='failClass'>
    <td>tests.BAS_Reports.Sanity_Test.Complex_Property_Test.Array_Group_Property.TestCase</td>
    <td>00:03:23.903</td>
    <td>1</td>
    <td>0</td>
    <td>1</td>
    <td>0</td>
    <td><a href="javascript:showClassDetail('c19',1)">Detail</a></td>
</tr>

<tr id='ft19.1' class='none'>
    <td class='failCase'><div class='testcase'>testMain_1: Verify report data returned for filter: MT.Trend_Log_List[1].reference</div></td>
    <td>00:03:23.903</td>
    <td colspan='5' align='center'>

    <!--css div popup start-->
    <a class="popup_link" onfocus='this.blur();' href="javascript:showTestDetail('div_ft19.1')" >
        fail</a>

    <div id='div_ft19.1' class="popup_window">
        <div style='text-align: right; color:red;cursor:pointer'>
        <a onfocus='this.blur();' onclick="document.getElementById('div_ft19.1').style.display = 'none' " >
           [x]</a>
        </div>
        <div class="result_detail"><pre>
        
ft19.1: debug: switch back to default
debug: switch back to default
debug: switch back to default
XTree._getTreeNode(): tree node 'Building Automation\Object Query\Test Array.Group.Property' was not found.
XTree._getTreeNode(): tree node 'Building Automation\Object Query\Test Array.Group.Property' was not found.
XTree._getTreeNode(): tree node 'Building Automation\Object Query\Test Array.Group.Property' was not found.
debug: switch back to default
debug: switch to frame mainFrame
debug: switch back to default
debug: switch to frame mainFrame
Traceback (most recent call last):
  File "C:\Python27\lib\site-packages\ddt.py", line 139, in wrapper
    return func(self, *args, **kwargs)
  File "U:\PyAutoTestSuite\enteliweb\tests\BAS_Reports\Sanity_Test\Complex_Property_Test\Array_Group_Property.py", line 127, in testMain
    self.assertTrue(result, "Expecting no data returned in the generated report failed")
AssertionError: False is not true : Expecting no data returned in the generated report failed


        </pre></div>
    </div>
    <!--css div popup end-->

    </td>
</tr>

<tr class='passClass'>
    <td>tests.BAS_Reports.Sanity_Test.Complex_Property_Test.Array_Union_Group_Property.TestCase</td>
    <td>00:02:29.238</td>
    <td>1</td>
    <td>1</td>
    <td>0</td>
    <td>0</td>
    <td><a href="javascript:showClassDetail('c20',1)">Detail</a></td>
</tr>

<tr id='pt20.1' class='hiddenRow'>
    <td class='none'><div class='testcase'>testMain_1: Verify report data returned for filter: NET.Advanced_Adapter[2].mstp.network</div></td>
    <td>00:02:29.238</td>
    <td colspan='5' align='center'>

    <!--css div popup start-->
    <a class="popup_link" onfocus='this.blur();' href="javascript:showTestDetail('div_pt20.1')" >
        pass</a>

    <div id='div_pt20.1' class="popup_window">
        <div style='text-align: right; color:red;cursor:pointer'>
        <a onfocus='this.blur();' onclick="document.getElementById('div_pt20.1').style.display = 'none' " >
           [x]</a>
        </div>
        <div class="result_detail"><pre>
        
pt20.1: debug: switch back to default
debug: switch back to default
debug: switch back to default
XTree._getTreeNode(): tree node 'Building Automation\Object Query\Test Array.Union.Group.Property' was not found.
XTree._getTreeNode(): tree node 'Building Automation\Object Query\Test Array.Union.Group.Property' was not found.
XTree._getTreeNode(): tree node 'Building Automation\Object Query\Test Array.Union.Group.Property' was not found.
debug: switch back to default
debug: switch to frame mainFrame
debug: switch back to default
debug: switch to frame mainFrame


        </pre></div>
    </div>
    <!--css div popup end-->

    </td>
</tr>

<tr class='passClass'>
    <td>tests.BAS_Reports.Sanity_Test.Complex_Property_Test.Array_Group_Union_Property.TestCase</td>
    <td>00:02:50.178</td>
    <td>1</td>
    <td>1</td>
    <td>0</td>
    <td>0</td>
    <td><a href="javascript:showClassDetail('c21',1)">Detail</a></td>
</tr>

<tr id='pt21.1' class='hiddenRow'>
    <td class='none'><div class='testcase'>testMain_1: Verify report data returned for filter: NET.Advanced_Adapter[2].mstp.network</div></td>
    <td>00:02:50.178</td>
    <td colspan='5' align='center'>

    <!--css div popup start-->
    <a class="popup_link" onfocus='this.blur();' href="javascript:showTestDetail('div_pt21.1')" >
        pass</a>

    <div id='div_pt21.1' class="popup_window">
        <div style='text-align: right; color:red;cursor:pointer'>
        <a onfocus='this.blur();' onclick="document.getElementById('div_pt21.1').style.display = 'none' " >
           [x]</a>
        </div>
        <div class="result_detail"><pre>
        
pt21.1: debug: switch back to default
debug: switch back to default
debug: switch back to default
XTree._getTreeNode(): tree node 'Building Automation\Object Query\Test Array.Group.Union.Property' was not found.
XTree._getTreeNode(): tree node 'Building Automation\Object Query\Test Array.Group.Union.Property' was not found.
XTree._getTreeNode(): tree node 'Building Automation\Object Query\Test Array.Group.Union.Property' was not found.
debug: switch back to default
debug: switch to frame mainFrame
debug: switch back to default
debug: switch to frame mainFrame


        </pre></div>
    </div>
    <!--css div popup end-->

    </td>
</tr>

<tr class='failClass'>
    <td>tests.BAS_Reports.Sanity_Test.Sorting_Test.test_sorting_alphabetically.TestCase</td>
    <td>00:08:27.424</td>
    <td>4</td>
    <td>2</td>
    <td>2</td>
    <td>0</td>
    <td><a href="javascript:showClassDetail('c22',4)">Detail</a></td>
</tr>

<tr id='ft22.1' class='none'>
    <td class='failCase'><div class='testcase'>testMain_1: Verify report data returned for filter: sort ascending alphabetically</div></td>
    <td>00:02:04.323</td>
    <td colspan='5' align='center'>

    <!--css div popup start-->
    <a class="popup_link" onfocus='this.blur();' href="javascript:showTestDetail('div_ft22.1')" >
        fail</a>

    <div id='div_ft22.1' class="popup_window">
        <div style='text-align: right; color:red;cursor:pointer'>
        <a onfocus='this.blur();' onclick="document.getElementById('div_ft22.1').style.display = 'none' " >
           [x]</a>
        </div>
        <div class="result_detail"><pre>
        
ft22.1: debug: switch back to default
debug: switch back to default
debug: switch back to default
XTree._getTreeNode(): tree node 'Building Automation\Object Query\test sorting alphabetically' was not found.
XTree._getTreeNode(): tree node 'Building Automation\Object Query\test sorting alphabetically' was not found.
XTree._getTreeNode(): tree node 'Building Automation\Object Query\test sorting alphabetically' was not found.
debug: switch back to default
debug: switch to frame mainFrame
debug: switch back to default
debug: switch to frame mainFrame
Traceback (most recent call last):
  File "C:\Python27\lib\site-packages\ddt.py", line 139, in wrapper
    return func(self, *args, **kwargs)
  File "U:\PyAutoTestSuite\enteliweb\tests\BAS_Reports\Sanity_Test\Sorting_Test\test_sorting_alphabetically.py", line 128, in testMain
    self.assertTrue(result, "Expecting no data returned in the generated report failed")
AssertionError: False is not true : Expecting no data returned in the generated report failed


        </pre></div>
    </div>
    <!--css div popup end-->

    </td>
</tr>

<tr id='ft22.2' class='none'>
    <td class='failCase'><div class='testcase'>testMain_2: Verify report data returned for filter: sort descending alphabetically</div></td>
    <td>00:01:40.746</td>
    <td colspan='5' align='center'>

    <!--css div popup start-->
    <a class="popup_link" onfocus='this.blur();' href="javascript:showTestDetail('div_ft22.2')" >
        fail</a>

    <div id='div_ft22.2' class="popup_window">
        <div style='text-align: right; color:red;cursor:pointer'>
        <a onfocus='this.blur();' onclick="document.getElementById('div_ft22.2').style.display = 'none' " >
           [x]</a>
        </div>
        <div class="result_detail"><pre>
        
ft22.2: debug: switch back to default
debug: switch back to default
debug: switch back to default
debug: switch back to default
debug: switch to frame mainFrame
debug: switch back to default
debug: switch to frame mainFrame
Traceback (most recent call last):
  File "C:\Python27\lib\site-packages\ddt.py", line 139, in wrapper
    return func(self, *args, **kwargs)
  File "U:\PyAutoTestSuite\enteliweb\tests\BAS_Reports\Sanity_Test\Sorting_Test\test_sorting_alphabetically.py", line 128, in testMain
    self.assertTrue(result, "Expecting no data returned in the generated report failed")
AssertionError: False is not true : Expecting no data returned in the generated report failed


        </pre></div>
    </div>
    <!--css div popup end-->

    </td>
</tr>

<tr id='pt22.3' class='hiddenRow'>
    <td class='none'><div class='testcase'>testMain_3: Verify report data returned for filter: in group sort ascending alphabetically</div></td>
    <td>00:02:18.595</td>
    <td colspan='5' align='center'>

    <!--css div popup start-->
    <a class="popup_link" onfocus='this.blur();' href="javascript:showTestDetail('div_pt22.3')" >
        pass</a>

    <div id='div_pt22.3' class="popup_window">
        <div style='text-align: right; color:red;cursor:pointer'>
        <a onfocus='this.blur();' onclick="document.getElementById('div_pt22.3').style.display = 'none' " >
           [x]</a>
        </div>
        <div class="result_detail"><pre>
        
pt22.3: debug: switch back to default
debug: switch back to default
debug: switch back to default
debug: switch back to default
debug: switch to frame mainFrame
debug: switch back to default
debug: switch to frame mainFrame


        </pre></div>
    </div>
    <!--css div popup end-->

    </td>
</tr>

<tr id='pt22.4' class='hiddenRow'>
    <td class='none'><div class='testcase'>testMain_4: Verify report data returned for filter: in group sort descending alphabetically</div></td>
    <td>00:02:23.760</td>
    <td colspan='5' align='center'>

    <!--css div popup start-->
    <a class="popup_link" onfocus='this.blur();' href="javascript:showTestDetail('div_pt22.4')" >
        pass</a>

    <div id='div_pt22.4' class="popup_window">
        <div style='text-align: right; color:red;cursor:pointer'>
        <a onfocus='this.blur();' onclick="document.getElementById('div_pt22.4').style.display = 'none' " >
           [x]</a>
        </div>
        <div class="result_detail"><pre>
        
pt22.4: debug: switch back to default
debug: switch back to default
debug: switch back to default
debug: switch back to default
debug: switch to frame mainFrame
debug: switch back to default
debug: switch to frame mainFrame


        </pre></div>
    </div>
    <!--css div popup end-->

    </td>
</tr>

<tr class='errorClass'>
    <td>tests.BAS_Reports.Sanity_Test.Sorting_Test.test_sorting_numerically.TestCase</td>
    <td>00:10:33.765</td>
    <td>5</td>
    <td>0</td>
    <td>4</td>
    <td>1</td>
    <td><a href="javascript:showClassDetail('c23',5)">Detail</a></td>
</tr>

<tr id='ft23.1' class='none'>
    <td class='failCase'><div class='testcase'>testMain_1: Verify sorting numerically without value format</div></td>
    <td>00:02:09.435</td>
    <td colspan='5' align='center'>

    <!--css div popup start-->
    <a class="popup_link" onfocus='this.blur();' href="javascript:showTestDetail('div_ft23.1')" >
        fail</a>

    <div id='div_ft23.1' class="popup_window">
        <div style='text-align: right; color:red;cursor:pointer'>
        <a onfocus='this.blur();' onclick="document.getElementById('div_ft23.1').style.display = 'none' " >
           [x]</a>
        </div>
        <div class="result_detail"><pre>
        
ft23.1: debug: switch back to default
debug: switch back to default
debug: switch back to default
XTree._getTreeNode(): tree node 'Building Automation\Object Query\test sorting numerically' was not found.
XTree._getTreeNode(): tree node 'Building Automation\Object Query\test sorting numerically' was not found.
XTree._getTreeNode(): tree node 'Building Automation\Object Query\test sorting numerically' was not found.
debug: switch back to default
debug: switch to frame mainFrame
debug: switch back to default
debug: switch to frame mainFrame
Traceback (most recent call last):
  File "C:\Python27\lib\site-packages\ddt.py", line 139, in wrapper
    return func(self, *args, **kwargs)
  File "U:\PyAutoTestSuite\enteliweb\tests\BAS_Reports\Sanity_Test\Sorting_Test\test_sorting_numerically.py", line 127, in testMain
    self.assertTrue(result, "Expecting no data returned in the generated report failed")
AssertionError: False is not true : Expecting no data returned in the generated report failed


        </pre></div>
    </div>
    <!--css div popup end-->

    </td>
</tr>

<tr id='ft23.2' class='none'>
    <td class='failCase'><div class='testcase'>testMain_2: Verify sorting numerically with value format</div></td>
    <td>00:01:48.792</td>
    <td colspan='5' align='center'>

    <!--css div popup start-->
    <a class="popup_link" onfocus='this.blur();' href="javascript:showTestDetail('div_ft23.2')" >
        fail</a>

    <div id='div_ft23.2' class="popup_window">
        <div style='text-align: right; color:red;cursor:pointer'>
        <a onfocus='this.blur();' onclick="document.getElementById('div_ft23.2').style.display = 'none' " >
           [x]</a>
        </div>
        <div class="result_detail"><pre>
        
ft23.2: debug: switch back to default
debug: switch back to default
debug: switch back to default
debug: switch back to default
debug: switch to frame mainFrame
debug: switch back to default
debug: switch to frame mainFrame
Traceback (most recent call last):
  File "C:\Python27\lib\site-packages\ddt.py", line 139, in wrapper
    return func(self, *args, **kwargs)
  File "U:\PyAutoTestSuite\enteliweb\tests\BAS_Reports\Sanity_Test\Sorting_Test\test_sorting_numerically.py", line 127, in testMain
    self.assertTrue(result, "Expecting no data returned in the generated report failed")
AssertionError: False is not true : Expecting no data returned in the generated report failed


        </pre></div>
    </div>
    <!--css div popup end-->

    </td>
</tr>

<tr id='ft23.3' class='none'>
    <td class='errorCase'><div class='testcase'>testMain_3: Verify sorting numerically descending</div></td>
    <td>00:01:16.817</td>
    <td colspan='5' align='center'>

    <!--css div popup start-->
    <a class="popup_link" onfocus='this.blur();' href="javascript:showTestDetail('div_ft23.3')" >
        error</a>

    <div id='div_ft23.3' class="popup_window">
        <div style='text-align: right; color:red;cursor:pointer'>
        <a onfocus='this.blur();' onclick="document.getElementById('div_ft23.3').style.display = 'none' " >
           [x]</a>
        </div>
        <div class="result_detail"><pre>
        
ft23.3: debug: switch back to default
debug: switch back to default
debug: switch back to default
debug: switch back to default
debug: switch to frame mainFrame
Traceback (most recent call last):
  File "C:\Python27\lib\site-packages\ddt.py", line 139, in wrapper
    return func(self, *args, **kwargs)
  File "U:\PyAutoTestSuite\enteliweb\tests\BAS_Reports\Sanity_Test\Sorting_Test\test_sorting_numerically.py", line 109, in testMain
    self._setupReportInstance()
  File "U:\PyAutoTestSuite\enteliweb\tests\BAS_Reports\Sanity_Test\Sorting_Test\test_sorting_numerically.py", line 223, in _setupReportInstance
    self.testingReport.editReportFormat(dynamicColumns, sortAndGroup)
  File "U:\PyAutoTestSuite\enteliweb\libraries\eweb\PageObjects\BAS_Reports\Ad_Hoc.py", line 425, in editReportFormat
    self.reportFormatWindow.deleteColumn(item)
  File "U:\PyAutoTestSuite\enteliweb\libraries\eweb\PageObjects\BAS_Reports\Ad_Hoc.py", line 290, in deleteColumn
    result = self.isContextMenuDisplayed()
  File "U:\PyAutoTestSuite\enteliweb\libraries\eweb\PageObjects\BAS_Reports\Ad_Hoc.py", line 320, in isContextMenuDisplayed
    target = driver.find_element_by_id(idString)
  File "C:\Python27\lib\site-packages\selenium\webdriver\remote\webdriver.py", line 269, in find_element_by_id
    return self.find_element(by=By.ID, value=id_)
  File "C:\Python27\lib\site-packages\selenium\webdriver\remote\webdriver.py", line 752, in find_element
    'value': value})['value']
  File "C:\Python27\lib\site-packages\selenium\webdriver\remote\webdriver.py", line 236, in execute
    self.error_handler.check_response(response)
  File "C:\Python27\lib\site-packages\selenium\webdriver\remote\errorhandler.py", line 192, in check_response
    raise exception_class(message, screen, stacktrace)
NoSuchElementException: Message: Unable to locate element: [id="None"]



        </pre></div>
    </div>
    <!--css div popup end-->

    </td>
</tr>

<tr id='ft23.4' class='none'>
    <td class='failCase'><div class='testcase'>testMain_4: Verify in group sorting numerically ascending</div></td>
    <td>00:02:15.624</td>
    <td colspan='5' align='center'>

    <!--css div popup start-->
    <a class="popup_link" onfocus='this.blur();' href="javascript:showTestDetail('div_ft23.4')" >
        fail</a>

    <div id='div_ft23.4' class="popup_window">
        <div style='text-align: right; color:red;cursor:pointer'>
        <a onfocus='this.blur();' onclick="document.getElementById('div_ft23.4').style.display = 'none' " >
           [x]</a>
        </div>
        <div class="result_detail"><pre>
        
ft23.4: debug: switch back to default
debug: switch back to default
debug: switch back to default
debug: switch back to default
debug: switch to frame mainFrame
debug: switch back to default
debug: switch to frame mainFrame
AssertionError: False is not true : 
False is not true : Manual sort current values for device '2000' failed: could not convert string to float: 

False is not true : Manual sort current values for device '2100' failed: 'decimal' codec can't encode character u'\ufffd' in position 0: invalid decimal Unicode string


        </pre></div>
    </div>
    <!--css div popup end-->

    </td>
</tr>

<tr id='ft23.5' class='none'>
    <td class='failCase'><div class='testcase'>testMain_5: Verify in group sorting numerically descending</div></td>
    <td>00:03:03.097</td>
    <td colspan='5' align='center'>

    <!--css div popup start-->
    <a class="popup_link" onfocus='this.blur();' href="javascript:showTestDetail('div_ft23.5')" >
        fail</a>

    <div id='div_ft23.5' class="popup_window">
        <div style='text-align: right; color:red;cursor:pointer'>
        <a onfocus='this.blur();' onclick="document.getElementById('div_ft23.5').style.display = 'none' " >
           [x]</a>
        </div>
        <div class="result_detail"><pre>
        
ft23.5: debug: switch back to default
debug: switch back to default
debug: switch back to default
debug: switch back to default
debug: switch to frame mainFrame
debug: switch back to default
debug: switch to frame mainFrame
AssertionError: False is not true : 
False is not true : Manual sort current values for device '1200' failed: could not convert string to float: 

False is not true : Manual sort current values for device '2100' failed: 'decimal' codec can't encode character u'\ufffd' in position 0: invalid decimal Unicode string


        </pre></div>
    </div>
    <!--css div popup end-->

    </td>
</tr>

<tr class='passClass'>
    <td>tests.BAS_Reports.Sanity_Test.Regression_Test.EWEB_21258.TestCase</td>
    <td>00:01:38.403</td>
    <td>1</td>
    <td>1</td>
    <td>0</td>
    <td>0</td>
    <td><a href="javascript:showClassDetail('c24',1)">Detail</a></td>
</tr>

<tr id='pt24.1' class='hiddenRow'>
    <td class='none'><div class='testcase'>testMain_1: Verify report data returned for filter: Regression Test EWEB_21258</div></td>
    <td>00:01:38.403</td>
    <td colspan='5' align='center'>

    <!--css div popup start-->
    <a class="popup_link" onfocus='this.blur();' href="javascript:showTestDetail('div_pt24.1')" >
        pass</a>

    <div id='div_pt24.1' class="popup_window">
        <div style='text-align: right; color:red;cursor:pointer'>
        <a onfocus='this.blur();' onclick="document.getElementById('div_pt24.1').style.display = 'none' " >
           [x]</a>
        </div>
        <div class="result_detail"><pre>
        
pt24.1: debug: switch back to default
debug: switch back to default
debug: switch back to default
XTree._getTreeNode(): tree node 'Building Automation\Object Query\Regression Test EWEB_21258' was not found.
XTree._getTreeNode(): tree node 'Building Automation\Object Query\Regression Test EWEB_21258' was not found.
XTree._getTreeNode(): tree node 'Building Automation\Object Query\Regression Test EWEB_21258' was not found.
debug: switch back to default
debug: switch to frame mainFrame
debug: switch back to default
debug: switch to frame mainFrame


        </pre></div>
    </div>
    <!--css div popup end-->

    </td>
</tr>

<tr id='total_row'>
    <td>Total</td>
    <td>02:30:28.920</td>
    <td>34</td>
    <td>18</td>
    <td>15</td>
    <td>1</td>
    <td>&nbsp;</td>
</tr>
</table>

<div id='ending'>&nbsp;</div>

</body>
</html>
